This file contains any messages produced by compilers while
running configure, to aid debugging if configure makes a mistake.

configure:639: checking host system type
configure:660: checking target system type
configure:678: checking build system type
configure:717: checking for a BSD compatible install
configure:770: checking whether build environment is sane
configure:827: checking whether make sets ${MAKE}
configure:873: checking for working aclocal
configure:886: checking for working autoconf
configure:899: checking for working automake
configure:912: checking for working autoheader
configure:925: checking for working makeinfo
configure:940: checking whether to enable maintainer-specific portions of Makefiles
configure:999: checking for gcc
configure:1078: checking whether we are using GNU C
configure:1102: checking whether gcc accepts -g
configure:1318: checking for ld used by GCC
configure:1386: checking if the linker (/usr/bin/ld) is GNU ld
GNU ld (GNU Binutils for Ubuntu) 2.22
configure:1403: checking for /usr/bin/ld option to reload object files
configure:1415: checking for BSD-compatible nm
configure:1453: checking whether ln -s works
configure:1474: checking how to recognise dependant libraries
configure:1647: checking for object suffix
configure:1653: gcc -c -g -O2  conftest.c 1>&5
configure:1816: checking for ranlib
configure:1883: checking for strip
ltcf-c.sh:need_lc: gcc -c -g -O2  conftest.c 1>&5
ltcf-c.sh:need_lc: gcc -shared conftest.o  -v -Wl,-soname -Wl,conftest -o conftest
 /usr/lib/gcc/i486-linux-gnu/3.4.6/collect2 --eh-frame-hdr -m elf_i386 -shared -o conftest /usr/lib/i386-linux-gnu/crti.o /usr/lib/gcc/i486-linux-gnu/3.4.6/crtbeginS.o -L/usr/lib/i386-linux-gnu -L/usr/lib/gcc/i486-linux-gnu/3.4.6 -L/usr/lib/gcc/i486-linux-gnu/3.4.6 -L/usr/lib/gcc/i486-linux-gnu/3.4.6/../../../../lib -L/usr/lib/gcc/i486-linux-gnu/3.4.6/../../.. -L/lib/../lib -L/usr/lib/../lib conftest.o -soname conftest -lgcc --as-needed -lgcc_s --no-as-needed -lc -lgcc --as-needed -lgcc_s --no-as-needed /usr/lib/gcc/i486-linux-gnu/3.4.6/crtendS.o /usr/lib/i386-linux-gnu/crtn.o
ltconfig:678:checking for gcc option to produce PIC
ltconfig:687:checking that gcc PIC flag -fPIC -DPIC works.
ltconfig:697: gcc -c -g -O2 -fPIC -DPIC -DPIC  conftest.c 1>&5
ltconfig:749: checking if gcc static flag -static works
ltconfig:758: gcc -o conftest -g -O2   -static conftest.c  1>&5
ltconfig:780: finding the maximum length of command line arguments
ltconfig:@lineno@: result: 49153
ltconfig:833: checking if gcc supports -c -o file.o
ltconfig:834: gcc -c -g -O2 -o out/conftest2.o  conftest.c 1>&5
ltconfig:887: checking if gcc supports -fno-rtti -fno-exceptions
ltconfig:888: gcc -c -g -O2 -fno-rtti -fno-exceptions -c conftest.c  conftest.c 1>&5
ltconfig:1431: checking if global_symbol_pipe works
ltconfig:1432: gcc -c -g -O2  conftest.c 1>&5
ltconfig:1435: eval "/usr/bin/nm -B conftest.o | sed -n -e 's/^.*[ 	]\([ABCDGISTW][ABCDGISTW]*\)[ 	][ 	]*\(\)\([_A-Za-z][_A-Za-z0-9]*\)$/  /p' > conftest.nm"
ltconfig:1487: gcc -o conftest -g -O2 -fno-builtin   conftest.c conftstm.o 1>&5
configure:2222: checking how to run the C preprocessor
configure:2325: checking for stdlib.h
configure:2325: checking for unistd.h
configure:2325: checking for sys/stat.h
configure:2325: checking for sys/types.h
configure:2335: gcc -E  conftest.c >/dev/null 2>conftest.out
configure:2364: checking for getpagesize
configure:2417: checking for working mmap
configure:2603: checking for memcpy
configure:2603: checking for strerror
configure:2709: checking for unistd.h
