This file contains any messages produced by compilers while
running configure, to aid debugging if configure makes a mistake.

It was created by jRate configure 0.3.7.2-3.3.3, which was
generated by GNU Autoconf 2.59.  Invocation command line was

  $ ./configure 

## --------- ##
## Platform. ##
## --------- ##

hostname = yanxin-MS-7549
uname -m = i686
uname -r = 3.2.0-29-generic-pae
uname -s = Linux
uname -v = #46-Ubuntu SMP Fri Jul 27 17:25:43 UTC 2012

/usr/bin/uname -p = unknown
/bin/uname -X     = unknown

/bin/arch              = unknown
/usr/bin/arch -k       = unknown
/usr/convex/getsysinfo = unknown
hostinfo               = unknown
/bin/machine           = unknown
/usr/bin/oslevel       = unknown
/bin/universe          = unknown

PATH: /usr/lib/jvm/jdk1.6.0_45/bin
PATH: /usr/lib/jvm/jdk1.6.0_45/jre/bin
PATH: /usr/lib/lightdm/lightdm
PATH: /usr/local/sbin
PATH: /usr/local/bin
PATH: /usr/sbin
PATH: /usr/bin
PATH: /sbin
PATH: /bin
PATH: /usr/games


## ----------- ##
## Core tests. ##
## ----------- ##

configure:1734: checking build system type
configure:1752: result: i686-pc-linux-gnu
configure:1760: checking host system type
configure:1774: result: i686-pc-linux-gnu
configure:1782: checking target system type
configure:1796: result: i686-pc-linux-gnu
configure:1815: checking for --build to pass to gcc's configure
configure:1825: result: i686-pc-linux-gnu
configure:1829: checking for --host to pass to gcc's configure
configure:1839: result: i686-pc-linux-gnu
configure:1843: checking for --target to pass to gcc's configure
configure:1853: result: i686-pc-linux-gnu
configure:1876: checking for a BSD-compatible install
configure:1931: result: /usr/bin/install -c
configure:1942: checking whether build environment is sane
configure:1985: result: yes
configure:2050: checking for gawk
configure:2079: result: no
configure:2050: checking for mawk
configure:2066: found /usr/bin/mawk
configure:2076: result: mawk
configure:2086: checking whether make sets $(MAKE)
configure:2106: result: yes
configure:2366: checking for g++
configure:2382: found /usr/bin/g++
configure:2392: result: g++
configure:2408: checking for C++ compiler version
configure:2411: g++ --version </dev/null >&5
g++ (Ubuntu/Linaro 4.6.3-1ubuntu5) 4.6.3
Copyright (C) 2011 Free Software Foundation, Inc.
This is free software; see the source for copying conditions.  There is NO
warranty; not even for MERCHANTABILITY or FITNESS FOR A PARTICULAR PURPOSE.

configure:2414: $? = 0
configure:2416: g++ -v </dev/null >&5
Using built-in specs.
COLLECT_GCC=g++
COLLECT_LTO_WRAPPER=/usr/lib/gcc/i686-linux-gnu/4.6/lto-wrapper
Target: i686-linux-gnu
Configured with: ../src/configure -v --with-pkgversion='Ubuntu/Linaro 4.6.3-1ubuntu5' --with-bugurl=file:///usr/share/doc/gcc-4.6/README.Bugs --enable-languages=c,c++,fortran,objc,obj-c++ --prefix=/usr --program-suffix=-4.6 --enable-shared --enable-linker-build-id --with-system-zlib --libexecdir=/usr/lib --without-included-gettext --enable-threads=posix --with-gxx-include-dir=/usr/include/c++/4.6 --libdir=/usr/lib --enable-nls --with-sysroot=/ --enable-clocale=gnu --enable-libstdcxx-debug --enable-libstdcxx-time=yes --enable-gnu-unique-object --enable-plugin --enable-objc-gc --enable-targets=all --disable-werror --with-arch-32=i686 --with-tune=generic --enable-checking=release --build=i686-linux-gnu --host=i686-linux-gnu --target=i686-linux-gnu
Thread model: posix
gcc version 4.6.3 (Ubuntu/Linaro 4.6.3-1ubuntu5) 
configure:2419: $? = 0
configure:2421: g++ -V </dev/null >&5
g++: error: unrecognized option '-V'
g++: fatal error: no input files
compilation terminated.
configure:2424: $? = 4
configure:2447: checking for C++ compiler default output file name
configure:2450: g++    conftest.cc  >&5
configure:2453: $? = 0
configure:2499: result: a.out
configure:2504: checking whether the C++ compiler works
configure:2510: ./a.out
configure:2513: $? = 0
configure:2530: result: yes
configure:2537: checking whether we are cross compiling
configure:2539: result: no
configure:2542: checking for suffix of executables
configure:2544: g++ -o conftest    conftest.cc  >&5
configure:2547: $? = 0
configure:2572: result: 
configure:2578: checking for suffix of object files
configure:2599: g++ -c   conftest.cc >&5
configure:2602: $? = 0
configure:2624: result: o
configure:2628: checking whether we are using the GNU C++ compiler
configure:2652: g++ -c   conftest.cc >&5
configure:2658: $? = 0
configure:2661: test -z 			 || test ! -s conftest.err
configure:2664: $? = 0
configure:2667: test -s conftest.o
configure:2670: $? = 0
configure:2683: result: yes
configure:2689: checking whether g++ accepts -g
configure:2710: g++ -c -g  conftest.cc >&5
configure:2716: $? = 0
configure:2719: test -z 			 || test ! -s conftest.err
configure:2722: $? = 0
configure:2725: test -s conftest.o
configure:2728: $? = 0
configure:2739: result: yes
configure:2781: g++ -c -g -O2  conftest.cc >&5
configure:2787: $? = 0
configure:2790: test -z 			 || test ! -s conftest.err
configure:2793: $? = 0
configure:2796: test -s conftest.o
configure:2799: $? = 0
configure:2825: g++ -c -g -O2  conftest.cc >&5
conftest.cc: In function 'int main()':
conftest.cc:15:9: error: 'exit' was not declared in this scope
configure:2831: $? = 1
configure: failed program was:
| /* confdefs.h.  */
| 
| #define PACKAGE_NAME "jRate"
| #define PACKAGE_TARNAME "jrate"
| #define PACKAGE_VERSION "0.3.7.2-3.3.3"
| #define PACKAGE_STRING "jRate 0.3.7.2-3.3.3"
| #define PACKAGE_BUGREPORT "jrate-devel@lists.sourceforge.net"
| #define PACKAGE "jrate"
| #define VERSION "0.3.7.2-3.3.3"
| /* end confdefs.h.  */
| 
| int
| main ()
| {
| exit (42);
|   ;
|   return 0;
| }
configure:2781: g++ -c -g -O2  conftest.cc >&5
conftest.cc:11:40: error: 'void std::exit(int)' should have been declared inside 'std'
configure:2787: $? = 1
configure: failed program was:
| /* confdefs.h.  */
| 
| #define PACKAGE_NAME "jRate"
| #define PACKAGE_TARNAME "jrate"
| #define PACKAGE_VERSION "0.3.7.2-3.3.3"
| #define PACKAGE_STRING "jRate 0.3.7.2-3.3.3"
| #define PACKAGE_BUGREPORT "jrate-devel@lists.sourceforge.net"
| #define PACKAGE "jrate"
| #define VERSION "0.3.7.2-3.3.3"
| /* end confdefs.h.  */
| extern "C" void std::exit (int) throw (); using std::exit;
| #include <stdlib.h>
| int
| main ()
| {
| exit (42);
|   ;
|   return 0;
| }
configure:2781: g++ -c -g -O2  conftest.cc >&5
conftest.cc:11:31: error: 'void std::exit(int)' should have been declared inside 'std'
In file included from conftest.cc:12:0:
/usr/include/stdlib.h:544:70: error: declaration of 'void std::exit(int) throw ()' has a different exception specifier
conftest.cc:11:17: error: from previous declaration 'void std::exit(int)'
configure:2787: $? = 1
configure: failed program was:
| /* confdefs.h.  */
| 
| #define PACKAGE_NAME "jRate"
| #define PACKAGE_TARNAME "jrate"
| #define PACKAGE_VERSION "0.3.7.2-3.3.3"
| #define PACKAGE_STRING "jRate 0.3.7.2-3.3.3"
| #define PACKAGE_BUGREPORT "jrate-devel@lists.sourceforge.net"
| #define PACKAGE "jrate"
| #define VERSION "0.3.7.2-3.3.3"
| /* end confdefs.h.  */
| extern "C" void std::exit (int); using std::exit;
| #include <stdlib.h>
| int
| main ()
| {
| exit (42);
|   ;
|   return 0;
| }
configure:2781: g++ -c -g -O2  conftest.cc >&5
configure:2787: $? = 0
configure:2790: test -z 			 || test ! -s conftest.err
configure:2793: $? = 0
configure:2796: test -s conftest.o
configure:2799: $? = 0
configure:2825: g++ -c -g -O2  conftest.cc >&5
configure:2831: $? = 0
configure:2834: test -z 			 || test ! -s conftest.err
configure:2837: $? = 0
configure:2840: test -s conftest.o
configure:2843: $? = 0
configure:2877: checking for style of include used by make
configure:2905: result: GNU
configure:2933: checking dependency style of g++
configure:3023: result: gcc3
configure:3086: checking for gcc
configure:3102: found /usr/bin/gcc
configure:3112: result: gcc
configure:3356: checking for C compiler version
configure:3359: gcc --version </dev/null >&5
gcc (GCC) 3.4.6 (Ubuntu 3.4.6-6ubuntu3)
Copyright (C) 2006 Free Software Foundation, Inc.
This is free software; see the source for copying conditions.  There is NO
warranty; not even for MERCHANTABILITY or FITNESS FOR A PARTICULAR PURPOSE.

configure:3362: $? = 0
configure:3364: gcc -v </dev/null >&5
Reading specs from /usr/lib/gcc/i486-linux-gnu/3.4.6/specs
Configured with: ../src/configure -v --enable-languages=c,c++,f77,pascal --prefix=/usr --libexecdir=/usr/lib --with-gxx-include-dir=/usr/include/c++/3.4 --enable-shared --with-system-zlib --enable-nls --without-included-gettext --program-suffix=-3.4 --enable-__cxa_atexit --enable-clocale=gnu --enable-libstdcxx-debug --with-tune=pentium4 i486-linux-gnu
Thread model: posix
gcc version 3.4.6 (Ubuntu 3.4.6-6ubuntu3)
configure:3367: $? = 0
configure:3369: gcc -V </dev/null >&5
gcc: `-V' option must have argument
configure:3372: $? = 1
configure:3375: checking whether we are using the GNU C compiler
configure:3399: gcc -c   conftest.c >&5
configure:3405: $? = 0
configure:3408: test -z 			 || test ! -s conftest.err
configure:3411: $? = 0
configure:3414: test -s conftest.o
configure:3417: $? = 0
configure:3430: result: yes
configure:3436: checking whether gcc accepts -g
configure:3457: gcc -c -g  conftest.c >&5
configure:3463: $? = 0
configure:3466: test -z 			 || test ! -s conftest.err
configure:3469: $? = 0
configure:3472: test -s conftest.o
configure:3475: $? = 0
configure:3486: result: yes
configure:3503: checking for gcc option to accept ANSI C
configure:3573: gcc  -c -g -O2  conftest.c >&5
configure:3579: $? = 0
configure:3582: test -z 			 || test ! -s conftest.err
configure:3585: $? = 0
configure:3588: test -s conftest.o
configure:3591: $? = 0
configure:3609: result: none needed
configure:3627: gcc -c -g -O2  conftest.c >&5
conftest.c:2: error: syntax error before "me"
configure:3633: $? = 1
configure: failed program was:
| #ifndef __cplusplus
|   choke me
| #endif
configure:3765: checking dependency style of gcc
configure:3855: result: gcc3
configure:3880: checking for gcj
configure:3909: result: no
configure:3880: checking for gcj-3.2
configure:3909: result: no
configure:3880: checking for gcj-3.1
configure:3909: result: no
configure:3880: checking for gcj-3.0
configure:3909: result: no
configure:3880: checking for gcj-2.95
configure:3909: result: no
configure:3927: checking dependency style of gcj
configure:4017: result: none
configure:4049: checking for a BSD-compatible install
configure:4104: result: /usr/bin/install -c
configure:4115: checking whether ln -s works
configure:4119: result: yes
configure:4126: checking for fgrep
configure:4136: result: grep -F
configure:4141: checking whether make sets $(MAKE)
configure:4161: result: yes
configure:4174: checking for gawk
configure:4200: result: mawk
configure:4258: checking for a sed that does not truncate output
configure:4312: result: /bin/sed
configure:4315: checking for egrep
configure:4325: result: grep -E
configure:4341: checking for ld used by gcc
configure:4408: result: /usr/bin/ld
configure:4417: checking if the linker (/usr/bin/ld) is GNU ld
configure:4432: result: yes
configure:4437: checking for /usr/bin/ld option to reload object files
configure:4444: result: -r
configure:4462: checking for BSD-compatible nm
configure:4511: result: /usr/bin/nm -B
configure:4515: checking how to recognise dependent libraries
configure:4691: result: pass_all
configure:4927: checking how to run the C preprocessor
configure:4962: gcc -E  conftest.c
configure:4968: $? = 0
configure:5000: gcc -E  conftest.c
conftest.c:14:28: ac_nonexistent.h: No such file or directory
configure:5006: $? = 1
configure: failed program was:
| /* confdefs.h.  */
| 
| #define PACKAGE_NAME "jRate"
| #define PACKAGE_TARNAME "jrate"
| #define PACKAGE_VERSION "0.3.7.2-3.3.3"
| #define PACKAGE_STRING "jRate 0.3.7.2-3.3.3"
| #define PACKAGE_BUGREPORT "jrate-devel@lists.sourceforge.net"
| #define PACKAGE "jrate"
| #define VERSION "0.3.7.2-3.3.3"
| #ifdef __cplusplus
| extern "C" void exit (int) throw ();
| #endif
| /* end confdefs.h.  */
| #include <ac_nonexistent.h>
configure:5045: result: gcc -E
configure:5069: gcc -E  conftest.c
configure:5075: $? = 0
configure:5107: gcc -E  conftest.c
conftest.c:14:28: ac_nonexistent.h: No such file or directory
configure:5113: $? = 1
configure: failed program was:
| /* confdefs.h.  */
| 
| #define PACKAGE_NAME "jRate"
| #define PACKAGE_TARNAME "jrate"
| #define PACKAGE_VERSION "0.3.7.2-3.3.3"
| #define PACKAGE_STRING "jRate 0.3.7.2-3.3.3"
| #define PACKAGE_BUGREPORT "jrate-devel@lists.sourceforge.net"
| #define PACKAGE "jrate"
| #define VERSION "0.3.7.2-3.3.3"
| #ifdef __cplusplus
| extern "C" void exit (int) throw ();
| #endif
| /* end confdefs.h.  */
| #include <ac_nonexistent.h>
configure:5157: checking for ANSI C header files
configure:5182: gcc -c -g -O2  conftest.c >&5
configure:5188: $? = 0
configure:5191: test -z 			 || test ! -s conftest.err
configure:5194: $? = 0
configure:5197: test -s conftest.o
configure:5200: $? = 0
configure:5289: gcc -o conftest -g -O2   conftest.c  >&5
configure:5292: $? = 0
configure:5294: ./conftest
configure:5297: $? = 0
configure:5312: result: yes
configure:5336: checking for sys/types.h
configure:5352: gcc -c -g -O2  conftest.c >&5
configure:5358: $? = 0
configure:5361: test -z 			 || test ! -s conftest.err
configure:5364: $? = 0
configure:5367: test -s conftest.o
configure:5370: $? = 0
configure:5381: result: yes
configure:5336: checking for sys/stat.h
configure:5352: gcc -c -g -O2  conftest.c >&5
configure:5358: $? = 0
configure:5361: test -z 			 || test ! -s conftest.err
configure:5364: $? = 0
configure:5367: test -s conftest.o
configure:5370: $? = 0
configure:5381: result: yes
configure:5336: checking for stdlib.h
configure:5352: gcc -c -g -O2  conftest.c >&5
configure:5358: $? = 0
configure:5361: test -z 			 || test ! -s conftest.err
configure:5364: $? = 0
configure:5367: test -s conftest.o
configure:5370: $? = 0
configure:5381: result: yes
configure:5336: checking for string.h
configure:5352: gcc -c -g -O2  conftest.c >&5
configure:5358: $? = 0
configure:5361: test -z 			 || test ! -s conftest.err
configure:5364: $? = 0
configure:5367: test -s conftest.o
configure:5370: $? = 0
configure:5381: result: yes
configure:5336: checking for memory.h
configure:5352: gcc -c -g -O2  conftest.c >&5
configure:5358: $? = 0
configure:5361: test -z 			 || test ! -s conftest.err
configure:5364: $? = 0
configure:5367: test -s conftest.o
configure:5370: $? = 0
configure:5381: result: yes
configure:5336: checking for strings.h
configure:5352: gcc -c -g -O2  conftest.c >&5
configure:5358: $? = 0
configure:5361: test -z 			 || test ! -s conftest.err
configure:5364: $? = 0
configure:5367: test -s conftest.o
configure:5370: $? = 0
configure:5381: result: yes
configure:5336: checking for inttypes.h
configure:5352: gcc -c -g -O2  conftest.c >&5
configure:5358: $? = 0
configure:5361: test -z 			 || test ! -s conftest.err
configure:5364: $? = 0
configure:5367: test -s conftest.o
configure:5370: $? = 0
configure:5381: result: yes
configure:5336: checking for stdint.h
configure:5352: gcc -c -g -O2  conftest.c >&5
configure:5358: $? = 0
configure:5361: test -z 			 || test ! -s conftest.err
configure:5364: $? = 0
configure:5367: test -s conftest.o
configure:5370: $? = 0
configure:5381: result: yes
configure:5336: checking for unistd.h
configure:5352: gcc -c -g -O2  conftest.c >&5
configure:5358: $? = 0
configure:5361: test -z 			 || test ! -s conftest.err
configure:5364: $? = 0
configure:5367: test -s conftest.o
configure:5370: $? = 0
configure:5381: result: yes
configure:5407: checking dlfcn.h usability
configure:5419: gcc -c -g -O2  conftest.c >&5
configure:5425: $? = 0
configure:5428: test -z 			 || test ! -s conftest.err
configure:5431: $? = 0
configure:5434: test -s conftest.o
configure:5437: $? = 0
configure:5447: result: yes
configure:5451: checking dlfcn.h presence
configure:5461: gcc -E  conftest.c
configure:5467: $? = 0
configure:5487: result: yes
configure:5522: checking for dlfcn.h
configure:5529: result: yes
configure:5552: checking how to run the C++ preprocessor
configure:5583: g++ -E  conftest.cc
configure:5589: $? = 0
configure:5621: g++ -E  conftest.cc
conftest.cc:25:28: fatal error: ac_nonexistent.h: No such file or directory
compilation terminated.
configure:5627: $? = 1
configure: failed program was:
| /* confdefs.h.  */
| 
| #define PACKAGE_NAME "jRate"
| #define PACKAGE_TARNAME "jrate"
| #define PACKAGE_VERSION "0.3.7.2-3.3.3"
| #define PACKAGE_STRING "jRate 0.3.7.2-3.3.3"
| #define PACKAGE_BUGREPORT "jrate-devel@lists.sourceforge.net"
| #define PACKAGE "jrate"
| #define VERSION "0.3.7.2-3.3.3"
| #ifdef __cplusplus
| extern "C" void exit (int) throw ();
| #endif
| #define STDC_HEADERS 1
| #define HAVE_SYS_TYPES_H 1
| #define HAVE_SYS_STAT_H 1
| #define HAVE_STDLIB_H 1
| #define HAVE_STRING_H 1
| #define HAVE_MEMORY_H 1
| #define HAVE_STRINGS_H 1
| #define HAVE_INTTYPES_H 1
| #define HAVE_STDINT_H 1
| #define HAVE_UNISTD_H 1
| #define HAVE_DLFCN_H 1
| /* end confdefs.h.  */
| #include <ac_nonexistent.h>
configure:5666: result: g++ -E
configure:5690: g++ -E  conftest.cc
configure:5696: $? = 0
configure:5728: g++ -E  conftest.cc
conftest.cc:25:28: fatal error: ac_nonexistent.h: No such file or directory
compilation terminated.
configure:5734: $? = 1
configure: failed program was:
| /* confdefs.h.  */
| 
| #define PACKAGE_NAME "jRate"
| #define PACKAGE_TARNAME "jrate"
| #define PACKAGE_VERSION "0.3.7.2-3.3.3"
| #define PACKAGE_STRING "jRate 0.3.7.2-3.3.3"
| #define PACKAGE_BUGREPORT "jrate-devel@lists.sourceforge.net"
| #define PACKAGE "jrate"
| #define VERSION "0.3.7.2-3.3.3"
| #ifdef __cplusplus
| extern "C" void exit (int) throw ();
| #endif
| #define STDC_HEADERS 1
| #define HAVE_SYS_TYPES_H 1
| #define HAVE_SYS_STAT_H 1
| #define HAVE_STDLIB_H 1
| #define HAVE_STRING_H 1
| #define HAVE_MEMORY_H 1
| #define HAVE_STRINGS_H 1
| #define HAVE_INTTYPES_H 1
| #define HAVE_STDINT_H 1
| #define HAVE_UNISTD_H 1
| #define HAVE_DLFCN_H 1
| /* end confdefs.h.  */
| #include <ac_nonexistent.h>
configure:5831: checking for g77
configure:5860: result: no
configure:5831: checking for f77
configure:5860: result: no
configure:5831: checking for xlf
configure:5860: result: no
configure:5831: checking for frt
configure:5860: result: no
configure:5831: checking for pgf77
configure:5860: result: no
configure:5831: checking for fort77
configure:5860: result: no
configure:5831: checking for fl32
configure:5860: result: no
configure:5831: checking for af77
configure:5860: result: no
configure:5831: checking for f90
configure:5860: result: no
configure:5831: checking for xlf90
configure:5860: result: no
configure:5831: checking for pgf90
configure:5860: result: no
configure:5831: checking for epcf90
configure:5860: result: no
configure:5831: checking for f95
configure:5860: result: no
configure:5831: checking for fort
configure:5860: result: no
configure:5831: checking for xlf95
configure:5860: result: no
configure:5831: checking for ifc
configure:5860: result: no
configure:5831: checking for efc
configure:5860: result: no
configure:5831: checking for pgf95
configure:5860: result: no
configure:5831: checking for lf95
configure:5860: result: no
configure:5831: checking for gfortran
configure:5860: result: no
configure:5872: checking for Fortran 77 compiler version
configure:5875:  --version </dev/null >&5
./configure: line 5876: --version: command not found
configure:5878: $? = 127
configure:5880:  -v </dev/null >&5
./configure: line 5881: -v: command not found
configure:5883: $? = 127
configure:5885:  -V </dev/null >&5
./configure: line 5886: -V: command not found
configure:5888: $? = 127
configure:5896: checking whether we are using the GNU Fortran 77 compiler
configure:5910:  -c  conftest.F >&5
./configure: line 5911: -c: command not found
configure:5916: $? = 127
configure: failed program was:
|       program main
| #ifndef __GNUC__
|        choke me
| #endif
| 
|       end
configure:5941: result: no
configure:5947: checking whether  accepts -g
configure:5959:  -c -g conftest.f >&5
./configure: line 5960: -c: command not found
configure:5965: $? = 127
configure: failed program was:
|       program main
| 
|       end
configure:5989: result: no
configure:6019: checking the maximum length of command line arguments
configure:6128: result: 32768
configure:6139: checking command to parse /usr/bin/nm -B output from gcc object
configure:6244: gcc -c -g -O2  conftest.c >&5
configure:6247: $? = 0
configure:6251: /usr/bin/nm -B conftest.o \| sed -n -e 's/^.*[ 	]\([ABCDGIRSTW][ABCDGIRSTW]*\)[ 	][ 	]*\([_A-Za-z][_A-Za-z0-9]*\)$/\1 \2 \2/p' \> conftest.nm
configure:6254: $? = 0
configure:6306: gcc -o conftest -g -O2   conftest.c conftstm.o >&5
configure:6309: $? = 0
configure:6347: result: ok
configure:6351: checking for objdir
configure:6366: result: .libs
configure:6456: checking for ar
configure:6472: found /usr/bin/ar
configure:6483: result: ar
configure:6536: checking for ranlib
configure:6552: found /usr/bin/ranlib
configure:6563: result: ranlib
configure:6616: checking for strip
configure:6632: found /usr/bin/strip
configure:6643: result: strip
configure:6915: checking if gcc supports -fno-rtti -fno-exceptions
configure:6933: gcc -c -g -O2  -fno-rtti -fno-exceptions conftest.c >&5
cc1: warning: command line option "-fno-rtti" is valid for C++/ObjC++ but not for C
configure:6937: $? = 0
configure:6950: result: no
configure:6965: checking for gcc option to produce PIC
configure:7175: result: -fPIC
configure:7183: checking if gcc PIC flag -fPIC works
configure:7201: gcc -c -g -O2  -fPIC -DPIC conftest.c >&5
configure:7205: $? = 0
configure:7218: result: yes
configure:7246: checking if gcc static flag -static works
configure:7274: result: yes
configure:7284: checking if gcc supports -c -o file.o
configure:7305: gcc -c -g -O2  -o out/conftest2.o conftest.c >&5
configure:7309: $? = 0
configure:7331: result: yes
configure:7357: checking whether the gcc linker (/usr/bin/ld) supports shared libraries
configure:8323: result: yes
configure:8344: checking whether -lc should be explicitly linked in
configure:8349: gcc -c -g -O2  conftest.c >&5
configure:8352: $? = 0
configure:8367: gcc -shared conftest.o  -v -Wl,-soname -Wl,conftest -o conftest 2\>\&1 \| grep  -lc  \>/dev/null 2\>\&1
configure:8370: $? = 0
configure:8382: result: no
configure:8390: checking dynamic linker characteristics
configure:8990: result: GNU/Linux ld.so
configure:8999: checking how to hardcode library paths into programs
configure:9024: result: immediate
configure:9038: checking whether stripping libraries is possible
configure:9043: result: yes
configure:9870: checking if libtool supports shared libraries
configure:9872: result: yes
configure:9875: checking whether to build shared libraries
configure:9896: result: yes
configure:9899: checking whether to build static libraries
configure:9903: result: yes
configure:9995: creating libtool
configure:10583: checking for ld used by g++
configure:10650: result: /usr/bin/ld
configure:10659: checking if the linker (/usr/bin/ld) is GNU ld
configure:10674: result: yes
configure:10725: checking whether the g++ linker (/usr/bin/ld) supports shared libraries
configure:11661: result: yes
configure:11679: g++ -c -g -O2  conftest.cpp >&5
configure:11682: $? = 0
configure:11801: checking for g++ option to produce PIC
configure:12075: result: -fPIC
configure:12083: checking if g++ PIC flag -fPIC works
configure:12101: g++ -c -g -O2  -fPIC -DPIC conftest.cpp >&5
configure:12105: $? = 0
configure:12118: result: yes
configure:12146: checking if g++ static flag -static works
configure:12174: result: yes
configure:12184: checking if g++ supports -c -o file.o
configure:12205: g++ -c -g -O2  -o out/conftest2.o conftest.cpp >&5
configure:12209: $? = 0
configure:12231: result: yes
configure:12257: checking whether the g++ linker (/usr/bin/ld) supports shared libraries
configure:12288: result: yes
configure:12355: checking dynamic linker characteristics
configure:12955: result: GNU/Linux ld.so
configure:12964: checking how to hardcode library paths into programs
configure:12989: result: immediate
configure:16102: checking if gcj supports -fno-rtti -fno-exceptions
configure:16137: result: no
configure:16152: checking for gcj option to produce PIC
configure:16362: result: -fPIC
configure:16370: checking if gcj PIC flag -fPIC works
configure:16388: gcj -c -g -O2  -fPIC conftest.java >&5
./configure: line 16389: gcj: command not found
configure:16392: $? = 127
configure:16405: result: no
configure:16433: checking if gcj static flag -static works
configure:16461: result: no
configure:16471: checking if gcj supports -c -o file.o
configure:16492: gcj -c -g -O2  -o out/conftest2.o conftest.java >&5
./configure: line 16493: gcj: command not found
configure:16496: $? = 127
configure:16518: result: no
configure:16544: checking whether the gcj linker (/usr/bin/ld) supports shared libraries
configure:17510: result: yes
configure:17577: checking dynamic linker characteristics
configure:18177: result: GNU/Linux ld.so
configure:18186: checking how to hardcode library paths into programs
configure:18211: result: immediate
configure:19226: checking for ar
configure:19253: result: ar
configure:19307: checking for sysctl
configure:19325: found /sbin/sysctl
configure:19337: result: /sbin/sysctl
configure:19363: checking for getconf
configure:19381: found /usr/bin/getconf
configure:19393: result: /usr/bin/getconf
configure:19419: checking for psrinfo
configure:19452: result: no
configure:19475: checking for dmesg
configure:19493: found /bin/dmesg
configure:19505: result: /bin/dmesg
configure:19575: checking for patch
configure:19591: found /usr/bin/patch
configure:19602: result: patch
configure:19622: checking for cvs
configure:19640: found /usr/bin/cvs
configure:19652: result: /usr/bin/cvs
configure:19661: checking for cvsdo
configure:19694: result: no
configure:19702: checking for javadoc
configure:19720: found /usr/lib/jvm/jdk1.6.0_45/bin/javadoc
configure:19732: result: /usr/lib/jvm/jdk1.6.0_45/bin/javadoc
configure:19745: checking for pthread_create in -lpthread
configure:19775: gcc -o conftest -g -O2   conftest.c -lpthread   >&5
configure:19781: $? = 0
configure:19784: test -z 			 || test ! -s conftest.err
configure:19787: $? = 0
configure:19790: test -s conftest
configure:19793: $? = 0
configure:19806: result: yes
configure:19826: checking for library containing nanosleep
configure:19856: gcc -o conftest -g -O2   conftest.c -lpthread  >&5
configure:19862: $? = 0
configure:19865: test -z 			 || test ! -s conftest.err
configure:19868: $? = 0
configure:19871: test -s conftest
configure:19874: $? = 0
configure:19943: result: none required
configure:19962: checking for library containing clock_getres
configure:19992: gcc -o conftest -g -O2   conftest.c -lpthread  >&5
/tmp/ccqCv23T.o: In function `main':
/home/yanxin/git/jrate/conftest.c:38: undefined reference to `clock_getres'
collect2: ld returned 1 exit status
configure:19998: $? = 1
configure: failed program was:
| /* confdefs.h.  */
| 
| #define PACKAGE_NAME "jRate"
| #define PACKAGE_TARNAME "jrate"
| #define PACKAGE_VERSION "0.3.7.2-3.3.3"
| #define PACKAGE_STRING "jRate 0.3.7.2-3.3.3"
| #define PACKAGE_BUGREPORT "jrate-devel@lists.sourceforge.net"
| #define PACKAGE "jrate"
| #define VERSION "0.3.7.2-3.3.3"
| #ifdef __cplusplus
| extern "C" void exit (int) throw ();
| #endif
| #define STDC_HEADERS 1
| #define HAVE_SYS_TYPES_H 1
| #define HAVE_SYS_STAT_H 1
| #define HAVE_STDLIB_H 1
| #define HAVE_STRING_H 1
| #define HAVE_MEMORY_H 1
| #define HAVE_STRINGS_H 1
| #define HAVE_INTTYPES_H 1
| #define HAVE_STDINT_H 1
| #define HAVE_UNISTD_H 1
| #define HAVE_DLFCN_H 1
| #define HAVE_LIBPTHREAD 1
| #define HAVE_NANOSLEEP 1
| /* end confdefs.h.  */
| 
| /* Override any gcc2 internal prototype to avoid an error.  */
| #ifdef __cplusplus
| extern "C"
| #endif
| /* We use char because int might match the return type of a gcc2
|    builtin and then its argument prototype would still apply.  */
| char clock_getres ();
| int
| main ()
| {
| clock_getres ();
|   ;
|   return 0;
| }
configure:20046: gcc -o conftest -g -O2   conftest.c -lrt  -lpthread  >&5
configure:20052: $? = 0
configure:20055: test -z 			 || test ! -s conftest.err
configure:20058: $? = 0
configure:20061: test -s conftest
configure:20064: $? = 0
configure:20079: result: -lrt
configure:20248: checking for library containing sched_setscheduler
configure:20278: gcc -o conftest -g -O2   conftest.c -lrt -lpthread  >&5
configure:20284: $? = 0
configure:20287: test -z 			 || test ! -s conftest.err
configure:20290: $? = 0
configure:20293: test -s conftest
configure:20296: $? = 0
configure:20365: result: none required
configure:20391: checking for ANSI C header files
configure:20546: result: yes
configure:20575: checking fcntl.h usability
configure:20587: gcc -c -g -O2  conftest.c >&5
configure:20593: $? = 0
configure:20596: test -z 			 || test ! -s conftest.err
configure:20599: $? = 0
configure:20602: test -s conftest.o
configure:20605: $? = 0
configure:20615: result: yes
configure:20619: checking fcntl.h presence
configure:20629: gcc -E  conftest.c
configure:20635: $? = 0
configure:20655: result: yes
configure:20690: checking for fcntl.h
configure:20697: result: yes
configure:20575: checking stddef.h usability
configure:20587: gcc -c -g -O2  conftest.c >&5
configure:20593: $? = 0
configure:20596: test -z 			 || test ! -s conftest.err
configure:20599: $? = 0
configure:20602: test -s conftest.o
configure:20605: $? = 0
configure:20615: result: yes
configure:20619: checking stddef.h presence
configure:20629: gcc -E  conftest.c
configure:20635: $? = 0
configure:20655: result: yes
configure:20690: checking for stddef.h
configure:20697: result: yes
configure:20566: checking for stdlib.h
configure:20571: result: yes
configure:20566: checking for string.h
configure:20571: result: yes
configure:20575: checking sys/time.h usability
configure:20587: gcc -c -g -O2  conftest.c >&5
configure:20593: $? = 0
configure:20596: test -z 			 || test ! -s conftest.err
configure:20599: $? = 0
configure:20602: test -s conftest.o
configure:20605: $? = 0
configure:20615: result: yes
configure:20619: checking sys/time.h presence
configure:20629: gcc -E  conftest.c
configure:20635: $? = 0
configure:20655: result: yes
configure:20690: checking for sys/time.h
configure:20697: result: yes
configure:20566: checking for unistd.h
configure:20571: result: yes
configure:20712: checking for stdbool.h that conforms to C99
configure:20765: gcc -c -g -O2  conftest.c >&5
configure:20771: $? = 0
configure:20774: test -z 			 || test ! -s conftest.err
configure:20777: $? = 0
configure:20780: test -s conftest.o
configure:20783: $? = 0
configure:20794: result: yes
configure:20796: checking for _Bool
configure:20820: gcc -c -g -O2  conftest.c >&5
configure:20826: $? = 0
configure:20829: test -z 			 || test ! -s conftest.err
configure:20832: $? = 0
configure:20835: test -s conftest.o
configure:20838: $? = 0
configure:20849: result: yes
configure:20868: checking for an ANSI C-conforming const
configure:20935: gcc -c -g -O2  conftest.c >&5
configure:20941: $? = 0
configure:20944: test -z 			 || test ! -s conftest.err
configure:20947: $? = 0
configure:20950: test -s conftest.o
configure:20953: $? = 0
configure:20964: result: yes
configure:20974: checking for inline
configure:20995: gcc -c -g -O2  conftest.c >&5
configure:21001: $? = 0
configure:21004: test -z 			 || test ! -s conftest.err
configure:21007: $? = 0
configure:21010: test -s conftest.o
configure:21013: $? = 0
configure:21025: result: inline
configure:21044: checking for pid_t
configure:21068: gcc -c -g -O2  conftest.c >&5
configure:21074: $? = 0
configure:21077: test -z 			 || test ! -s conftest.err
configure:21080: $? = 0
configure:21083: test -s conftest.o
configure:21086: $? = 0
configure:21097: result: yes
configure:21109: checking for size_t
configure:21133: gcc -c -g -O2  conftest.c >&5
configure:21139: $? = 0
configure:21142: test -z 			 || test ! -s conftest.err
configure:21145: $? = 0
configure:21148: test -s conftest.o
configure:21151: $? = 0
configure:21162: result: yes
configure:21174: checking whether time.h and sys/time.h may both be included
configure:21199: gcc -c -g -O2  conftest.c >&5
configure:21205: $? = 0
configure:21208: test -z 			 || test ! -s conftest.err
configure:21211: $? = 0
configure:21214: test -s conftest.o
configure:21217: $? = 0
configure:21228: result: yes
configure:21238: checking whether struct tm is in sys/time.h or time.h
configure:21261: gcc -c -g -O2  conftest.c >&5
configure:21267: $? = 0
configure:21270: test -z 			 || test ! -s conftest.err
configure:21273: $? = 0
configure:21276: test -s conftest.o
configure:21279: $? = 0
configure:21290: result: time.h
configure:21300: checking for working volatile
configure:21323: gcc -c -g -O2  conftest.c >&5
configure:21329: $? = 0
configure:21332: test -z 			 || test ! -s conftest.err
configure:21335: $? = 0
configure:21338: test -s conftest.o
configure:21341: $? = 0
configure:21352: result: yes
configure:21362: checking for ptrdiff_t
configure:21386: gcc -c -g -O2  conftest.c >&5
configure:21392: $? = 0
configure:21395: test -z 			 || test ! -s conftest.err
configure:21398: $? = 0
configure:21401: test -s conftest.o
configure:21404: $? = 0
configure:21415: result: yes
configure:21433: checking for stdlib.h
configure:21438: result: yes
configure:21577: checking for GNU libc compatible malloc
configure:21606: gcc -o conftest -g -O2   conftest.c -lrt -lpthread  >&5
configure:21609: $? = 0
configure:21611: ./conftest
configure:21614: $? = 0
configure:21628: result: yes
configure:21664: checking for stdlib.h
configure:21669: result: yes
configure:21664: checking for unistd.h
configure:21669: result: yes
configure:21812: checking for getpagesize
configure:21869: gcc -o conftest -g -O2   conftest.c -lrt -lpthread  >&5
configure:21875: $? = 0
configure:21878: test -z 			 || test ! -s conftest.err
configure:21881: $? = 0
configure:21884: test -s conftest
configure:21887: $? = 0
configure:21899: result: yes
configure:21909: checking for working mmap
configure:22051: gcc -o conftest -g -O2   conftest.c -lrt -lpthread  >&5
configure:22054: $? = 0
configure:22056: ./conftest
configure:22059: $? = 0
configure:22073: result: yes
configure:22084: checking return type of signal handlers
configure:22115: gcc -c -g -O2  conftest.c >&5
configure:22121: $? = 0
configure:22124: test -z 			 || test ! -s conftest.err
configure:22127: $? = 0
configure:22130: test -s conftest.o
configure:22133: $? = 0
configure:22144: result: void
configure:22158: checking for gettimeofday
configure:22215: gcc -o conftest -g -O2   conftest.c -lrt -lpthread  >&5
configure:22221: $? = 0
configure:22224: test -z 			 || test ! -s conftest.err
configure:22227: $? = 0
configure:22230: test -s conftest
configure:22233: $? = 0
configure:22245: result: yes
configure:22158: checking for memset
configure:22215: gcc -o conftest -g -O2   conftest.c -lrt -lpthread  >&5
conftest.c:72: warning: conflicting types for built-in function 'memset'
configure:22221: $? = 0
configure:22224: test -z 			 || test ! -s conftest.err
configure:22227: $? = 0
configure:22230: test -s conftest
configure:22233: $? = 0
configure:22245: result: yes
configure:22158: checking for munmap
configure:22215: gcc -o conftest -g -O2   conftest.c -lrt -lpthread  >&5
configure:22221: $? = 0
configure:22224: test -z 			 || test ! -s conftest.err
configure:22227: $? = 0
configure:22230: test -s conftest
configure:22233: $? = 0
configure:22245: result: yes
configure:22259: checking whether SMP support should be provided
configure:22302: result: yes
configure:22308: checking whether jRate should enter real-time scheduling mode
configure:22342: result: yes
configure:22348: checking whether to use hash synchronization
configure:22375: result: let libgcj decide
configure:22384: WARNING: for now on x86, I'm forcing hash-synchronization off (specify --enable-hash-synchronization=check to force me to let libgcj decide, but you'll probably get build errors)
configure:22390: checking whether to use a pthread_self() cache
configure:22417: result: let libgcj decide
configure:22424: WARNING: pthread_self() cache forced off when hash-synchronization is off (specify --enable-pthread-self-cache=check to force me to let libgcj decide, but you'll probably get build errors)
configure:22429: checking whether to enable debugging
configure:22472: result: no
configure:22478: checking whether to enable GCC checking options
configure:22514: result: no
configure:22560: checking whether to bootstrap GCC
configure:22596: result: yes
configure:22602: checking whether to leanly bootstrap GCC
configure:22638: result: no
configure:22694: checking for location of GCC sources
configure:22720: result: /home/yanxin/git/jrate/gcc
configure:22724: checking whether an insane GCC source tree is okay
configure:22760: result: no
configure:22766: checking whether mismatched GCC version is okay
configure:22802: result: no
configure:22809: checking for extra GCC configure flags to use
configure:22831: result: none
configure:22836: checking for default immortal memory size
configure:22868: result: 64 MB
configure:22871: checking for default heap memory size
configure:22903: result: 32 MB
configure:22906: checking for default method area memory size
configure:22938: result: 32 MB
configure:22941: checking for default scopes arena size
configure:22973: result: 64 MB
configure:22978: checking whether alternative patch was requested
configure:23011: result: using standard patch
configure:23016: checking target number of CPUs
configure:23082: result: 2 (detected)
configure:23085: checking target CPU clock frequency
configure:23182: result: 3000.000 (detected)
configure:23185: checking target pagesize
configure:23277: gcc -o conftest -g -O2   conftest.c -lrt -lpthread  >&5
configure:23280: 0 = 0
configure:23282: ./conftest
configure:23285: 0 = 0
configure:23297: result: 4096 (detected)
configure:23300: checking target's maximum number of threads
configure:23361: result: 31973 (detected)
configure:23658: creating ./config.status

## ---------------------- ##
## Running config.status. ##
## ---------------------- ##

This file was extended by jRate config.status 0.3.7.2-3.3.3, which was
generated by GNU Autoconf 2.59.  Invocation command line was

  CONFIG_FILES    = 
  CONFIG_HEADERS  = 
  CONFIG_LINKS    = 
  CONFIG_COMMANDS = 
  $ ./config.status 

on yanxin-MS-7549

config.status:835: creating Makefile
config.status:835: creating src/Makefile
config.status:835: creating src/javax/Makefile
config.status:835: creating src/native/Makefile
config.status:835: creating src/native/gcj-patches/Makefile
config.status:835: creating src/native/gcj-patches/diff/Makefile
config.status:835: creating src/native/include/Makefile
config.status:835: creating src/native/src/Makefile
config.status:835: creating src/native/src/test/Makefile
config.status:835: creating src/native/src/test/Thread/Makefile
config.status:835: creating demos/Makefile
config.status:835: creating demos/DeadlineMissHandler/Makefile
config.status:835: creating demos/PeriodicTimer/Makefile
config.status:835: creating docs/Makefile
config.status:835: creating script/Makefile
config.status:901: creating jRate-config.h
config.status:1097: jRate-config.h is unchanged
config.status:1277: executing depfiles commands

## ---------------- ##
## Cache variables. ##
## ---------------- ##

ac_cv_build=i686-pc-linux-gnu
ac_cv_build_alias=i686-pc-linux-gnu
ac_cv_c_compiler_gnu=yes
ac_cv_c_const=yes
ac_cv_c_inline=inline
ac_cv_c_volatile=yes
ac_cv_cxx_compiler_gnu=yes
ac_cv_env_BOOT_CFLAGS_set=
ac_cv_env_BOOT_CFLAGS_value=
ac_cv_env_BOOT_LDFLAGS_set=
ac_cv_env_BOOT_LDFLAGS_value=
ac_cv_env_CC_set=
ac_cv_env_CC_value=
ac_cv_env_CFLAGS_set=
ac_cv_env_CFLAGS_value=
ac_cv_env_CPPFLAGS_set=
ac_cv_env_CPPFLAGS_value=
ac_cv_env_CPP_set=
ac_cv_env_CPP_value=
ac_cv_env_CXXCPP_set=
ac_cv_env_CXXCPP_value=
ac_cv_env_CXXFLAGS_set=
ac_cv_env_CXXFLAGS_value=
ac_cv_env_CXX_set=
ac_cv_env_CXX_value=
ac_cv_env_F77_set=
ac_cv_env_F77_value=
ac_cv_env_FFLAGS_set=
ac_cv_env_FFLAGS_value=
ac_cv_env_GCJFLAGS_set=
ac_cv_env_GCJFLAGS_value=
ac_cv_env_GCJHFLAGS_set=
ac_cv_env_GCJHFLAGS_value=
ac_cv_env_GCJH_set=
ac_cv_env_GCJH_value=
ac_cv_env_GCJ_set=
ac_cv_env_GCJ_value=
ac_cv_env_JAR_set=
ac_cv_env_JAR_value=
ac_cv_env_JAVACFLAGS_set=
ac_cv_env_JAVACFLAGS_value=
ac_cv_env_JAVAC_set=
ac_cv_env_JAVAC_value=
ac_cv_env_LDFLAGS_set=
ac_cv_env_LDFLAGS_value=
ac_cv_env_T_CFLAGS_set=
ac_cv_env_T_CFLAGS_value=
ac_cv_env_build_alias_set=
ac_cv_env_build_alias_value=
ac_cv_env_host_alias_set=
ac_cv_env_host_alias_value=
ac_cv_env_target_alias_set=
ac_cv_env_target_alias_value=
ac_cv_exeext=
ac_cv_f77_compiler_gnu=no
ac_cv_func_getpagesize=yes
ac_cv_func_gettimeofday=yes
ac_cv_func_malloc_0_nonnull=yes
ac_cv_func_memset=yes
ac_cv_func_mmap_fixed_mapped=yes
ac_cv_func_munmap=yes
ac_cv_header_dlfcn_h=yes
ac_cv_header_fcntl_h=yes
ac_cv_header_inttypes_h=yes
ac_cv_header_memory_h=yes
ac_cv_header_stdbool_h=yes
ac_cv_header_stdc=yes
ac_cv_header_stddef_h=yes
ac_cv_header_stdint_h=yes
ac_cv_header_stdlib_h=yes
ac_cv_header_string_h=yes
ac_cv_header_strings_h=yes
ac_cv_header_sys_stat_h=yes
ac_cv_header_sys_time_h=yes
ac_cv_header_sys_types_h=yes
ac_cv_header_time=yes
ac_cv_header_unistd_h=yes
ac_cv_host=i686-pc-linux-gnu
ac_cv_host_alias=i686-pc-linux-gnu
ac_cv_lib_pthread_pthread_create=yes
ac_cv_objext=o
ac_cv_path_CVS=/usr/bin/cvs
ac_cv_path_DMESG=/bin/dmesg
ac_cv_path_GETCONF=/usr/bin/getconf
ac_cv_path_JAVADOC=/usr/lib/jvm/jdk1.6.0_45/bin/javadoc
ac_cv_path_SYSCTL=/sbin/sysctl
ac_cv_path_install='/usr/bin/install -c'
ac_cv_prog_AWK=mawk
ac_cv_prog_CPP='gcc -E'
ac_cv_prog_CXXCPP='g++ -E'
ac_cv_prog_ac_ct_AR=ar
ac_cv_prog_ac_ct_CC=gcc
ac_cv_prog_ac_ct_CXX=g++
ac_cv_prog_ac_ct_PATCH=patch
ac_cv_prog_ac_ct_RANLIB=ranlib
ac_cv_prog_ac_ct_STRIP=strip
ac_cv_prog_cc_g=yes
ac_cv_prog_cc_stdc=
ac_cv_prog_cxx_g=yes
ac_cv_prog_egrep='grep -E'
ac_cv_prog_f77_g=no
ac_cv_prog_fgrep='grep -F'
ac_cv_prog_make_make_set=yes
ac_cv_search_clock_getres=-lrt
ac_cv_search_nanosleep='none required'
ac_cv_search_sched_setscheduler='none required'
ac_cv_struct_tm=time.h
ac_cv_target=i686-pc-linux-gnu
ac_cv_target_alias=i686-pc-linux-gnu
ac_cv_type__Bool=yes
ac_cv_type_pid_t=yes
ac_cv_type_ptrdiff_t=yes
ac_cv_type_signal=void
ac_cv_type_size_t=yes
am_cv_CC_dependencies_compiler_type=gcc3
am_cv_CXX_dependencies_compiler_type=gcc3
am_cv_GCJ_dependencies_compiler_type=none
jrate_cv_mhz=3000.000
jrate_cv_ncpu=2
jrate_cv_pagesize=4096
jrate_cv_threadmax=31973
jrate_cv_threadmax_define=31973
lt_cv_deplibs_check_method=pass_all
lt_cv_file_magic_cmd='$MAGIC_CMD'
lt_cv_file_magic_test_file=
lt_cv_ld_reload_flag=-r
lt_cv_objdir=.libs
lt_cv_path_LD=/usr/bin/ld
lt_cv_path_LDCXX=/usr/bin/ld
lt_cv_path_NM='/usr/bin/nm -B'
lt_cv_path_SED=/bin/sed
lt_cv_prog_compiler_c_o=yes
lt_cv_prog_compiler_c_o_CXX=yes
lt_cv_prog_compiler_c_o_GCJ=no
lt_cv_prog_compiler_rtti_exceptions=no
lt_cv_prog_gnu_ld=yes
lt_cv_prog_gnu_ldcxx=yes
lt_cv_sys_global_symbol_pipe='sed -n -e '\''s/^.*[ 	]\([ABCDGIRSTW][ABCDGIRSTW]*\)[ 	][ 	]*\([_A-Za-z][_A-Za-z0-9]*\)$/\1 \2 \2/p'\'''
lt_cv_sys_global_symbol_to_c_name_address='sed -n -e '\''s/^: \([^ ]*\) $/  {\"\1\", (lt_ptr) 0},/p'\'' -e '\''s/^[BCDEGRST] \([^ ]*\) \([^ ]*\)$/  {"\2", (lt_ptr) \&\2},/p'\'''
lt_cv_sys_global_symbol_to_cdecl='sed -n -e '\''s/^. .* \(.*\)$/extern int \1;/p'\'''
lt_cv_sys_max_cmd_len=32768
lt_lt_cv_prog_compiler_c_o='"yes"'
lt_lt_cv_prog_compiler_c_o_CXX='"yes"'
lt_lt_cv_prog_compiler_c_o_GCJ='"no"'
lt_lt_cv_sys_global_symbol_pipe='"sed -n -e '\''s/^.*[ 	]\\([ABCDGIRSTW][ABCDGIRSTW]*\\)[ 	][ 	]*\\([_A-Za-z][_A-Za-z0-9]*\\)\$/\\1 \\2 \\2/p'\''"'
lt_lt_cv_sys_global_symbol_to_c_name_address='"sed -n -e '\''s/^: \\([^ ]*\\) \$/  {\\\"\\1\\\", (lt_ptr) 0},/p'\'' -e '\''s/^[BCDEGRST] \\([^ ]*\\) \\([^ ]*\\)\$/  {\"\\2\", (lt_ptr) \\&\\2},/p'\''"'
lt_lt_cv_sys_global_symbol_to_cdecl='"sed -n -e '\''s/^. .* \\(.*\\)\$/extern int \\1;/p'\''"'

## ----------------- ##
## Output variables. ##
## ----------------- ##

ACLOCAL='${SHELL} /home/yanxin/git/jrate/missing --run aclocal-1.9'
ALLOW_MISMATCHED_GCC_FALSE=''
ALLOW_MISMATCHED_GCC_TRUE='#'
AMDEPBACKSLASH='\'
AMDEP_FALSE='#'
AMDEP_TRUE=''
AMTAR='${SHELL} /home/yanxin/git/jrate/missing --run tar'
AR='ar'
AUTOCONF='${SHELL} /home/yanxin/git/jrate/missing --run autoconf'
AUTOHEADER='${SHELL} /home/yanxin/git/jrate/missing --run autoheader'
AUTOMAKE='${SHELL} /home/yanxin/git/jrate/missing --run automake-1.9'
AWK='mawk'
BOOT_CFLAGS=''
BOOT_LDFLAGS=''
BUILD_AS_CROSS_COMPILER_FALSE=''
BUILD_AS_CROSS_COMPILER_TRUE='#'
CC='gcc'
CCDEPMODE='depmode=gcc3'
CFLAGS='-g -O2'
CPP='gcc -E'
CPPFLAGS=''
CVS='/usr/bin/cvs'
CVSDO=''
CXX='g++'
CXXCPP='g++ -E'
CXXDEPMODE='depmode=gcc3'
CXXFLAGS='-g -O2'
CYGPATH_W='echo'
DEFS='-DHAVE_CONFIG_H'
DEPDIR='.deps'
DMESG='/bin/dmesg'
ECHO='echo'
ECHO_C=''
ECHO_N='-n'
ECHO_T=''
EGREP='grep -E'
EXEEXT=''
EXTRA_GCC_CONFIGURE_FLAGS=''
F77=''
FFLAGS=''
FGREP='grep -F'
GCC_BOOTSTRAP_FALSE='#'
GCC_BOOTSTRAP_TRUE=''
GCC_CHECKING_FALSE=''
GCC_CHECKING_TRUE='#'
GCC_CVS_TAG='gcc_3_3_3_release'
GCC_ENABLE_SHARED_FALSE='#'
GCC_ENABLE_SHARED_TRUE=''
GCC_ENABLE_STATIC_FALSE='#'
GCC_ENABLE_STATIC_TRUE=''
GCC_LEAN_BOOTSTRAP_FALSE=''
GCC_LEAN_BOOTSTRAP_TRUE='#'
GCJ='gcj'
GCJDEPMODE='depmode=none'
GCJFLAGS='-g -O2'
GCJH=''
GCJHFLAGS=''
GETCONF='/usr/bin/getconf'
INSANE_GCC_FALSE=''
INSANE_GCC_TRUE='#'
INSTALL_DATA='${INSTALL} -m 644'
INSTALL_PROGRAM='${INSTALL}'
INSTALL_SCRIPT='${INSTALL}'
INSTALL_STRIP_PROGRAM='${SHELL} $(install_sh) -c -s'
JAR=''
JAVAC=''
JAVACFLAGS=''
JAVADOC='/usr/lib/jvm/jdk1.6.0_45/bin/javadoc'
JRATE_BASE_VERSION='0.3.7.2'
JRATE_CONFIGURE_ARGS=''
JRATE_DEBUG_FALSE=''
JRATE_DEBUG_TRUE='#'
JRATE_GCC_VERSION='3.3.3'
JRATE_IS_BETA=''
JRATE_IS_SNAPSHOT=''
JRATE_IS_STABLE='yes'
LDFLAGS=''
LIBOBJS=''
LIBS='-lrt -lpthread '
LIBTOOL='$(SHELL) $(top_builddir)/libtool'
LN_S='ln -s'
LTLIBOBJS=''
MAKEINFO='${SHELL} /home/yanxin/git/jrate/missing --run makeinfo'
OBJEXT='o'
PACKAGE='jrate'
PACKAGE_BUGREPORT='jrate-devel@lists.sourceforge.net'
PACKAGE_NAME='jRate'
PACKAGE_STRING='jRate 0.3.7.2-3.3.3'
PACKAGE_TARNAME='jrate'
PACKAGE_VERSION='0.3.7.2-3.3.3'
PATCH='patch'
PATH_SEPARATOR=':'
PSRINFO=''
RANLIB='ranlib'
SET_MAKE=''
SHELL='/bin/bash'
SMP_FALSE='#'
SMP_TRUE=''
STRIP='strip'
SYSCTL='/sbin/sysctl'
T_CFLAGS=''
USING_STANDARD_PATCH_FALSE='#'
USING_STANDARD_PATCH_TRUE=''
VERSION='0.3.7.2-3.3.3'
ac_ct_AR='ar'
ac_ct_CC='gcc'
ac_ct_CXX='g++'
ac_ct_F77=''
ac_ct_PATCH='patch'
ac_ct_RANLIB='ranlib'
ac_ct_STRIP='strip'
am__fastdepCC_FALSE='#'
am__fastdepCC_TRUE=''
am__fastdepCXX_FALSE='#'
am__fastdepCXX_TRUE=''
am__fastdepGCJ_FALSE=''
am__fastdepGCJ_TRUE='#'
am__include='include'
am__leading_dot='.'
am__quote=''
am__tar='${AMTAR} chof - "$$tardir"'
am__untar='${AMTAR} xf -'
bindir='${exec_prefix}/bin'
build='i686-pc-linux-gnu'
build_alias=''
build_cpu='i686'
build_os='linux-gnu'
build_vendor='pc'
datadir='${prefix}/share'
exec_prefix='${prefix}'
gcc_builddir='$(top_builddir)/gcc-build'
gcc_builddir_name='gcc-build'
gcc_config_build='i686-pc-linux-gnu'
gcc_config_host='i686-pc-linux-gnu'
gcc_config_target='i686-pc-linux-gnu'
gcc_srcdir='/home/yanxin/git/jrate/gcc'
host='i686-pc-linux-gnu'
host_alias=''
host_cpu='i686'
host_os='linux-gnu'
host_vendor='pc'
includedir='${prefix}/include'
infodir='${prefix}/info'
install_sh='/home/yanxin/git/jrate/install-sh'
jrate_config_hash_synchronization='--disable-hash-synchronization'
jrate_config_pthread_self_cache='--disable-pthread-self-cache'
jrate_patch=''
libdir='${exec_prefix}/lib'
libexecdir='${exec_prefix}/libexec'
localstatedir='${prefix}/var'
mandir='${prefix}/man'
mkdir_p='mkdir -p --'
oldincludedir='/usr/include'
prefix='/usr/local'
program_transform_name='s,x,x,'
sbindir='${exec_prefix}/sbin'
sharedstatedir='${prefix}/com'
sysconfdir='${prefix}/etc'
target='i686-pc-linux-gnu'
target_alias=''
target_cpu='i686'
target_os='linux-gnu'
target_vendor='pc'
toolexecdir='$(libdir)/gcc-lib/$(target_alias)'
toolexeclibdir='$(libdir)/../lib'

## ----------- ##
## confdefs.h. ##
## ----------- ##

#define CLOCK_FREQUENCY 3000.000
#define HAVE_CLOCK_GETRES 1
#define HAVE_DLFCN_H 1
#define HAVE_FCNTL_H 1
#define HAVE_GETPAGESIZE 1
#define HAVE_GETTIMEOFDAY 1
#define HAVE_INTTYPES_H 1
#define HAVE_LIBPTHREAD 1
#define HAVE_MALLOC 1
#define HAVE_MEMORY_H 1
#define HAVE_MEMSET 1
#define HAVE_MMAP 1
#define HAVE_MUNMAP 1
#define HAVE_NANOSLEEP 1
#define HAVE_PTRDIFF_T 1
#define HAVE_SCHED_SETSCHEDULER 1
#define HAVE_STDBOOL_H 1
#define HAVE_STDDEF_H 1
#define HAVE_STDINT_H 1
#define HAVE_STDLIB_H 1
#define HAVE_STDLIB_H 1
#define HAVE_STDLIB_H 1
#define HAVE_STDLIB_H 1
#define HAVE_STRINGS_H 1
#define HAVE_STRING_H 1
#define HAVE_STRING_H 1
#define HAVE_SYS_STAT_H 1
#define HAVE_SYS_TIME_H 1
#define HAVE_SYS_TYPES_H 1
#define HAVE_UNISTD_H 1
#define HAVE_UNISTD_H 1
#define HAVE_UNISTD_H 1
#define HAVE__BOOL 1
#define JRATE_HAS_SMP 1
#define JRATE_HEAP_MEMORY_SIZE 32
#define JRATE_IMMORTAL_MEMORY_SIZE 64
#define JRATE_METHOD_AREA_MEMORY_SIZE 32
#define JRATE_NCPU 2
#define JRATE_PAGE_SIZE 4096
#define JRATE_SCOPES_ARENA_SIZE 64
#define JRATE_SHOULD_USE_RT_SCHEDULER 1
#define JRATE_THREADMAX 31973
#define PACKAGE "jrate"
#define PACKAGE_BUGREPORT "jrate-devel@lists.sourceforge.net"
#define PACKAGE_NAME "jRate"
#define PACKAGE_STRING "jRate 0.3.7.2-3.3.3"
#define PACKAGE_TARNAME "jrate"
#define PACKAGE_VERSION "0.3.7.2-3.3.3"
#define RETSIGTYPE void
#define STDC_HEADERS 1
#define STDC_HEADERS 1
#define TIME_WITH_SYS_TIME 1
#define VERSION "0.3.7.2-3.3.3"
#endif
#ifdef __cplusplus
extern "C" void exit (int) throw ();

configure: exit 0

## ---------------------- ##
## Running config.status. ##
## ---------------------- ##

This file was extended by jRate config.status 0.3.7.2-3.3.3, which was
generated by GNU Autoconf 2.59.  Invocation command line was

  CONFIG_FILES    = 
  CONFIG_HEADERS  = 
  CONFIG_LINKS    = 
  CONFIG_COMMANDS = 
  $ ./config.status jRate-config.h

on yanxin-MS-7549

config.status:901: creating jRate-config.h
