This file contains any messages produced by compilers while
running configure, to aid debugging if configure makes a mistake.

It was created by jRate-core configure _LIBJRATECORE_VERSION_, which was
generated by GNU Autoconf 2.59.  Invocation command line was

  $ /home/yanxin/git/jrate/gcc/libjRateCore/configure --cache-file=../config.cache --host=i686-pc-linux-gnu --build=i686-pc-linux-gnu --enable-multilib --with-gcc-version-trigger=/home/yanxin/git/jrate/gcc/gcc/version.c --disable-jvmpi --enable-java-gc=jRate --enable-threads=posix --enable-languages=c,c++,java --prefix=/usr/local --program-prefix=jRate- --disable-interpreter --disable-hash-synchronization --disable-pthread-self-cache --enable-shared --enable-static --srcdir=/home/yanxin/git/jrate/gcc/libjRateCore --with-target-subdir=i686-pc-linux-gnu

## --------- ##
## Platform. ##
## --------- ##

hostname = yanxin-MS-7549
uname -m = i686
uname -r = 3.2.0-29-generic-pae
uname -s = Linux
uname -v = #46-Ubuntu SMP Fri Jul 27 17:25:43 UTC 2012

/usr/bin/uname -p = unknown
/bin/uname -X     = unknown

/bin/arch              = unknown
/usr/bin/arch -k       = unknown
/usr/convex/getsysinfo = unknown
hostinfo               = unknown
/bin/machine           = unknown
/usr/bin/oslevel       = unknown
/bin/universe          = unknown

PATH: /usr/lib/jvm/jdk1.6.0_45/bin
PATH: /usr/lib/jvm/jdk1.6.0_45/jre/bin
PATH: /usr/lib/lightdm/lightdm
PATH: /usr/local/sbin
PATH: /usr/local/bin
PATH: /usr/sbin
PATH: /usr/bin
PATH: /sbin
PATH: /bin
PATH: /usr/games


## ----------- ##
## Core tests. ##
## ----------- ##

configure:1423: loading cache ../config.cache
configure:1577: checking build system type
configure:1595: result: i686-pc-linux-gnu
configure:1603: checking host system type
configure:1617: result: i686-pc-linux-gnu
configure:1625: checking target system type
configure:1639: result: i686-pc-linux-gnu
configure:1674: checking for a BSD-compatible install
configure:1729: result: /bin/sh /home/yanxin/git/jrate/gcc/install-sh -c
configure:1740: checking whether build environment is sane
configure:1783: result: yes
configure:1848: checking for gawk
configure:1874: result: mawk
configure:1884: checking whether make sets $(MAKE)
configure:1904: result: yes
configure:2064: checking whether to enable maintainer-specific portions of Makefiles
configure:2073: result: no
configure:2123: checking for i686-pc-linux-gnu-gcc
configure:2149: result: /home/yanxin/git/jrate/gcc-build/gcc/xgcc -B/home/yanxin/git/jrate/gcc-build/gcc/ -B/usr/local/i686-pc-linux-gnu/bin/ -B/usr/local/i686-pc-linux-gnu/lib/ -isystem /usr/local/i686-pc-linux-gnu/include
configure:2431: checking for C compiler version
configure:2434: /home/yanxin/git/jrate/gcc-build/gcc/xgcc -B/home/yanxin/git/jrate/gcc-build/gcc/ -B/usr/local/i686-pc-linux-gnu/bin/ -B/usr/local/i686-pc-linux-gnu/lib/ -isystem /usr/local/i686-pc-linux-gnu/include --version </dev/null >&5
xgcc (GCC) 3.3.3
Copyright (C) 2003 Free Software Foundation, Inc.
This is free software; see the source for copying conditions.  There is NO
warranty; not even for MERCHANTABILITY or FITNESS FOR A PARTICULAR PURPOSE.

configure:2437: $? = 0
configure:2439: /home/yanxin/git/jrate/gcc-build/gcc/xgcc -B/home/yanxin/git/jrate/gcc-build/gcc/ -B/usr/local/i686-pc-linux-gnu/bin/ -B/usr/local/i686-pc-linux-gnu/lib/ -isystem /usr/local/i686-pc-linux-gnu/include -v </dev/null >&5
Reading specs from /home/yanxin/git/jrate/gcc-build/gcc/specs
Configured with: /home/yanxin/git/jrate/gcc/configure --host=i686-pc-linux-gnu --build=i686-pc-linux-gnu --target=i686-pc-linux-gnu --disable-jvmpi --enable-java-gc=jRate --enable-threads=posix --enable-languages=c,c++,java --prefix=/usr/local --program-prefix=jRate- --disable-interpreter --disable-hash-synchronization --disable-pthread-self-cache --enable-shared --enable-static
Thread model: posix
gcc version 3.3.3
configure:2442: $? = 0
configure:2444: /home/yanxin/git/jrate/gcc-build/gcc/xgcc -B/home/yanxin/git/jrate/gcc-build/gcc/ -B/usr/local/i686-pc-linux-gnu/bin/ -B/usr/local/i686-pc-linux-gnu/lib/ -isystem /usr/local/i686-pc-linux-gnu/include -V </dev/null >&5
xgcc: `-V' must come at the start of the command line
configure:2447: $? = 1
configure:2470: checking for C compiler default output file name
configure:2473: /home/yanxin/git/jrate/gcc-build/gcc/xgcc -B/home/yanxin/git/jrate/gcc-build/gcc/ -B/usr/local/i686-pc-linux-gnu/bin/ -B/usr/local/i686-pc-linux-gnu/lib/ -isystem /usr/local/i686-pc-linux-gnu/include -O2 -g -O2   conftest.c  >&5
configure:2476: $? = 0
configure:2522: result: a.out
configure:2527: checking whether the C compiler works
configure:2533: ./a.out
configure:2536: $? = 0
configure:2553: result: yes
configure:2560: checking whether we are cross compiling
configure:2562: result: no
configure:2565: checking for suffix of executables
configure:2567: /home/yanxin/git/jrate/gcc-build/gcc/xgcc -B/home/yanxin/git/jrate/gcc-build/gcc/ -B/usr/local/i686-pc-linux-gnu/bin/ -B/usr/local/i686-pc-linux-gnu/lib/ -isystem /usr/local/i686-pc-linux-gnu/include -o conftest -O2 -g -O2   conftest.c  >&5
configure:2570: $? = 0
configure:2595: result: 
configure:2601: checking for suffix of object files
configure:2647: result: o
configure:2651: checking whether we are using the GNU C compiler
configure:2675: /home/yanxin/git/jrate/gcc-build/gcc/xgcc -B/home/yanxin/git/jrate/gcc-build/gcc/ -B/usr/local/i686-pc-linux-gnu/bin/ -B/usr/local/i686-pc-linux-gnu/lib/ -isystem /usr/local/i686-pc-linux-gnu/include -c -O2 -g -O2  conftest.c >&5
configure:2681: $? = 0
configure:2684: test -z 			 || test ! -s conftest.err
configure:2687: $? = 0
configure:2690: test -s conftest.o
configure:2693: $? = 0
configure:2706: result: yes
configure:2712: checking whether /home/yanxin/git/jrate/gcc-build/gcc/xgcc -B/home/yanxin/git/jrate/gcc-build/gcc/ -B/usr/local/i686-pc-linux-gnu/bin/ -B/usr/local/i686-pc-linux-gnu/lib/ -isystem /usr/local/i686-pc-linux-gnu/include accepts -g
configure:2762: result: yes
configure:2779: checking for /home/yanxin/git/jrate/gcc-build/gcc/xgcc -B/home/yanxin/git/jrate/gcc-build/gcc/ -B/usr/local/i686-pc-linux-gnu/bin/ -B/usr/local/i686-pc-linux-gnu/lib/ -isystem /usr/local/i686-pc-linux-gnu/include option to accept ANSI C
configure:2849: /home/yanxin/git/jrate/gcc-build/gcc/xgcc -B/home/yanxin/git/jrate/gcc-build/gcc/ -B/usr/local/i686-pc-linux-gnu/bin/ -B/usr/local/i686-pc-linux-gnu/lib/ -isystem /usr/local/i686-pc-linux-gnu/include  -c -O2 -g -O2  conftest.c >&5
configure:2855: $? = 0
configure:2858: test -z 			 || test ! -s conftest.err
configure:2861: $? = 0
configure:2864: test -s conftest.o
configure:2867: $? = 0
configure:2885: result: none needed
configure:2903: /home/yanxin/git/jrate/gcc-build/gcc/xgcc -B/home/yanxin/git/jrate/gcc-build/gcc/ -B/usr/local/i686-pc-linux-gnu/bin/ -B/usr/local/i686-pc-linux-gnu/lib/ -isystem /usr/local/i686-pc-linux-gnu/include -c -O2 -g -O2  conftest.c >&5
conftest.c:2: error: syntax error before "me"
configure:2909: $? = 1
configure: failed program was:
| #ifndef __cplusplus
|   choke me
| #endif
configure:3050: checking for style of include used by make
configure:3078: result: GNU
configure:3106: checking dependency style of /home/yanxin/git/jrate/gcc-build/gcc/xgcc -B/home/yanxin/git/jrate/gcc-build/gcc/ -B/usr/local/i686-pc-linux-gnu/bin/ -B/usr/local/i686-pc-linux-gnu/lib/ -isystem /usr/local/i686-pc-linux-gnu/include
configure:3196: result: gcc3
configure:3285: checking for a sed that does not truncate output
configure:3339: result: /bin/sed
configure:3342: checking for egrep
configure:3352: result: grep -E
configure:3368: checking for ld used by /home/yanxin/git/jrate/gcc-build/gcc/xgcc -B/home/yanxin/git/jrate/gcc-build/gcc/ -B/usr/local/i686-pc-linux-gnu/bin/ -B/usr/local/i686-pc-linux-gnu/lib/ -isystem /usr/local/i686-pc-linux-gnu/include
configure:3435: result: ld
configure:3444: checking if the linker (ld) is GNU ld
configure:3459: result: yes
configure:3464: checking for ld option to reload object files
configure:3471: result: -r
configure:3489: checking for BSD-compatible nm
configure:3538: result: nm
configure:3542: checking whether ln -s works
configure:3546: result: yes
configure:3553: checking how to recognise dependent libraries
configure:3729: result: pass_all
configure:3965: checking how to run the C preprocessor
configure:4083: result: /home/yanxin/git/jrate/gcc-build/gcc/xgcc -B/home/yanxin/git/jrate/gcc-build/gcc/ -B/usr/local/i686-pc-linux-gnu/bin/ -B/usr/local/i686-pc-linux-gnu/lib/ -isystem /usr/local/i686-pc-linux-gnu/include -E
configure:4107: /home/yanxin/git/jrate/gcc-build/gcc/xgcc -B/home/yanxin/git/jrate/gcc-build/gcc/ -B/usr/local/i686-pc-linux-gnu/bin/ -B/usr/local/i686-pc-linux-gnu/lib/ -isystem /usr/local/i686-pc-linux-gnu/include -E  conftest.c
configure:4113: $? = 0
configure:4145: /home/yanxin/git/jrate/gcc-build/gcc/xgcc -B/home/yanxin/git/jrate/gcc-build/gcc/ -B/usr/local/i686-pc-linux-gnu/bin/ -B/usr/local/i686-pc-linux-gnu/lib/ -isystem /usr/local/i686-pc-linux-gnu/include -E  conftest.c
conftest.c:9:28: ac_nonexistent.h: No such file or directory
configure:4151: $? = 1
configure: failed program was:
| /* confdefs.h.  */
| 
| #define PACKAGE_NAME "jRate-core"
| #define PACKAGE_TARNAME "jrate-core"
| #define PACKAGE_VERSION "_LIBJRATECORE_VERSION_"
| #define PACKAGE_STRING "jRate-core _LIBJRATECORE_VERSION_"
| #define PACKAGE_BUGREPORT "jrate-devel@lists.sourceforge.net"
| /* end confdefs.h.  */
| #include <ac_nonexistent.h>
configure:4195: checking for ANSI C header files
configure:4350: result: yes
configure:4374: checking for sys/types.h
configure:4419: result: yes
configure:4374: checking for sys/stat.h
configure:4419: result: yes
configure:4374: checking for stdlib.h
configure:4419: result: yes
configure:4374: checking for string.h
configure:4419: result: yes
configure:4374: checking for memory.h
configure:4419: result: yes
configure:4374: checking for strings.h
configure:4419: result: yes
configure:4374: checking for inttypes.h
configure:4419: result: yes
configure:4374: checking for stdint.h
configure:4419: result: yes
configure:4374: checking for unistd.h
configure:4419: result: yes
configure:4436: checking for dlfcn.h
configure:4441: result: yes
configure:4590: checking for i686-pc-linux-gnu-g++
configure:4616: result: /home/yanxin/git/jrate/gcc-build/gcc/g++ -B/home/yanxin/git/jrate/gcc-build/gcc/ -nostdinc++ -nostdinc++ -I/home/yanxin/git/jrate/gcc-build/i686-pc-linux-gnu/libstdc++-v3/include/i686-pc-linux-gnu -I/home/yanxin/git/jrate/gcc-build/i686-pc-linux-gnu/libstdc++-v3/include -I/home/yanxin/git/jrate/gcc/libstdc++-v3/libsupc++ -I/home/yanxin/git/jrate/gcc/libstdc++-v3/libio -I/home/yanxin/git/jrate/gcc/libstdc++-v3/include/backward -I/home/yanxin/git/jrate/gcc/libstdc++-v3/testsuite -L/home/yanxin/git/jrate/gcc-build/i686-pc-linux-gnu/libstdc++-v3/src -L/home/yanxin/git/jrate/gcc-build/i686-pc-linux-gnu/libstdc++-v3/src/.libs -B/usr/local/i686-pc-linux-gnu/bin/ -B/usr/local/i686-pc-linux-gnu/lib/ -isystem /usr/local/i686-pc-linux-gnu/include
configure:4674: checking for C++ compiler version
configure:4677: /home/yanxin/git/jrate/gcc-build/gcc/g++ -B/home/yanxin/git/jrate/gcc-build/gcc/ -nostdinc++ -nostdinc++ -I/home/yanxin/git/jrate/gcc-build/i686-pc-linux-gnu/libstdc++-v3/include/i686-pc-linux-gnu -I/home/yanxin/git/jrate/gcc-build/i686-pc-linux-gnu/libstdc++-v3/include -I/home/yanxin/git/jrate/gcc/libstdc++-v3/libsupc++ -I/home/yanxin/git/jrate/gcc/libstdc++-v3/libio -I/home/yanxin/git/jrate/gcc/libstdc++-v3/include/backward -I/home/yanxin/git/jrate/gcc/libstdc++-v3/testsuite -L/home/yanxin/git/jrate/gcc-build/i686-pc-linux-gnu/libstdc++-v3/src -L/home/yanxin/git/jrate/gcc-build/i686-pc-linux-gnu/libstdc++-v3/src/.libs -B/usr/local/i686-pc-linux-gnu/bin/ -B/usr/local/i686-pc-linux-gnu/lib/ -isystem /usr/local/i686-pc-linux-gnu/include --version </dev/null >&5
g++ (GCC) 3.3.3
Copyright (C) 2003 Free Software Foundation, Inc.
This is free software; see the source for copying conditions.  There is NO
warranty; not even for MERCHANTABILITY or FITNESS FOR A PARTICULAR PURPOSE.

configure:4680: $? = 0
configure:4682: /home/yanxin/git/jrate/gcc-build/gcc/g++ -B/home/yanxin/git/jrate/gcc-build/gcc/ -nostdinc++ -nostdinc++ -I/home/yanxin/git/jrate/gcc-build/i686-pc-linux-gnu/libstdc++-v3/include/i686-pc-linux-gnu -I/home/yanxin/git/jrate/gcc-build/i686-pc-linux-gnu/libstdc++-v3/include -I/home/yanxin/git/jrate/gcc/libstdc++-v3/libsupc++ -I/home/yanxin/git/jrate/gcc/libstdc++-v3/libio -I/home/yanxin/git/jrate/gcc/libstdc++-v3/include/backward -I/home/yanxin/git/jrate/gcc/libstdc++-v3/testsuite -L/home/yanxin/git/jrate/gcc-build/i686-pc-linux-gnu/libstdc++-v3/src -L/home/yanxin/git/jrate/gcc-build/i686-pc-linux-gnu/libstdc++-v3/src/.libs -B/usr/local/i686-pc-linux-gnu/bin/ -B/usr/local/i686-pc-linux-gnu/lib/ -isystem /usr/local/i686-pc-linux-gnu/include -v </dev/null >&5
Reading specs from /home/yanxin/git/jrate/gcc-build/gcc/specs
Configured with: /home/yanxin/git/jrate/gcc/configure --host=i686-pc-linux-gnu --build=i686-pc-linux-gnu --target=i686-pc-linux-gnu --disable-jvmpi --enable-java-gc=jRate --enable-threads=posix --enable-languages=c,c++,java --prefix=/usr/local --program-prefix=jRate- --disable-interpreter --disable-hash-synchronization --disable-pthread-self-cache --enable-shared --enable-static
Thread model: posix
gcc version 3.3.3
g++: no input files
configure:4685: $? = 1
configure:4687: /home/yanxin/git/jrate/gcc-build/gcc/g++ -B/home/yanxin/git/jrate/gcc-build/gcc/ -nostdinc++ -nostdinc++ -I/home/yanxin/git/jrate/gcc-build/i686-pc-linux-gnu/libstdc++-v3/include/i686-pc-linux-gnu -I/home/yanxin/git/jrate/gcc-build/i686-pc-linux-gnu/libstdc++-v3/include -I/home/yanxin/git/jrate/gcc/libstdc++-v3/libsupc++ -I/home/yanxin/git/jrate/gcc/libstdc++-v3/libio -I/home/yanxin/git/jrate/gcc/libstdc++-v3/include/backward -I/home/yanxin/git/jrate/gcc/libstdc++-v3/testsuite -L/home/yanxin/git/jrate/gcc-build/i686-pc-linux-gnu/libstdc++-v3/src -L/home/yanxin/git/jrate/gcc-build/i686-pc-linux-gnu/libstdc++-v3/src/.libs -B/usr/local/i686-pc-linux-gnu/bin/ -B/usr/local/i686-pc-linux-gnu/lib/ -isystem /usr/local/i686-pc-linux-gnu/include -V </dev/null >&5
g++: argument to `-V' missing

configure:4690: $? = 1
configure:4693: checking whether we are using the GNU C++ compiler
configure:4717: /home/yanxin/git/jrate/gcc-build/gcc/g++ -B/home/yanxin/git/jrate/gcc-build/gcc/ -nostdinc++ -nostdinc++ -I/home/yanxin/git/jrate/gcc-build/i686-pc-linux-gnu/libstdc++-v3/include/i686-pc-linux-gnu -I/home/yanxin/git/jrate/gcc-build/i686-pc-linux-gnu/libstdc++-v3/include -I/home/yanxin/git/jrate/gcc/libstdc++-v3/libsupc++ -I/home/yanxin/git/jrate/gcc/libstdc++-v3/libio -I/home/yanxin/git/jrate/gcc/libstdc++-v3/include/backward -I/home/yanxin/git/jrate/gcc/libstdc++-v3/testsuite -L/home/yanxin/git/jrate/gcc-build/i686-pc-linux-gnu/libstdc++-v3/src -L/home/yanxin/git/jrate/gcc-build/i686-pc-linux-gnu/libstdc++-v3/src/.libs -B/usr/local/i686-pc-linux-gnu/bin/ -B/usr/local/i686-pc-linux-gnu/lib/ -isystem /usr/local/i686-pc-linux-gnu/include -c -g -O2 -D_GNU_SOURCE  conftest.cc >&5
configure:4723: $? = 0
configure:4726: test -z 			 || test ! -s conftest.err
configure:4729: $? = 0
configure:4732: test -s conftest.o
configure:4735: $? = 0
configure:4748: result: yes
configure:4754: checking whether /home/yanxin/git/jrate/gcc-build/gcc/g++ -B/home/yanxin/git/jrate/gcc-build/gcc/ -nostdinc++ -nostdinc++ -I/home/yanxin/git/jrate/gcc-build/i686-pc-linux-gnu/libstdc++-v3/include/i686-pc-linux-gnu -I/home/yanxin/git/jrate/gcc-build/i686-pc-linux-gnu/libstdc++-v3/include -I/home/yanxin/git/jrate/gcc/libstdc++-v3/libsupc++ -I/home/yanxin/git/jrate/gcc/libstdc++-v3/libio -I/home/yanxin/git/jrate/gcc/libstdc++-v3/include/backward -I/home/yanxin/git/jrate/gcc/libstdc++-v3/testsuite -L/home/yanxin/git/jrate/gcc-build/i686-pc-linux-gnu/libstdc++-v3/src -L/home/yanxin/git/jrate/gcc-build/i686-pc-linux-gnu/libstdc++-v3/src/.libs -B/usr/local/i686-pc-linux-gnu/bin/ -B/usr/local/i686-pc-linux-gnu/lib/ -isystem /usr/local/i686-pc-linux-gnu/include accepts -g
configure:4804: result: yes
configure:4846: /home/yanxin/git/jrate/gcc-build/gcc/g++ -B/home/yanxin/git/jrate/gcc-build/gcc/ -nostdinc++ -nostdinc++ -I/home/yanxin/git/jrate/gcc-build/i686-pc-linux-gnu/libstdc++-v3/include/i686-pc-linux-gnu -I/home/yanxin/git/jrate/gcc-build/i686-pc-linux-gnu/libstdc++-v3/include -I/home/yanxin/git/jrate/gcc/libstdc++-v3/libsupc++ -I/home/yanxin/git/jrate/gcc/libstdc++-v3/libio -I/home/yanxin/git/jrate/gcc/libstdc++-v3/include/backward -I/home/yanxin/git/jrate/gcc/libstdc++-v3/testsuite -L/home/yanxin/git/jrate/gcc-build/i686-pc-linux-gnu/libstdc++-v3/src -L/home/yanxin/git/jrate/gcc-build/i686-pc-linux-gnu/libstdc++-v3/src/.libs -B/usr/local/i686-pc-linux-gnu/bin/ -B/usr/local/i686-pc-linux-gnu/lib/ -isystem /usr/local/i686-pc-linux-gnu/include -c -g -O2 -D_GNU_SOURCE  conftest.cc >&5
configure:4852: $? = 0
configure:4855: test -z 			 || test ! -s conftest.err
configure:4858: $? = 0
configure:4861: test -s conftest.o
configure:4864: $? = 0
configure:4890: /home/yanxin/git/jrate/gcc-build/gcc/g++ -B/home/yanxin/git/jrate/gcc-build/gcc/ -nostdinc++ -nostdinc++ -I/home/yanxin/git/jrate/gcc-build/i686-pc-linux-gnu/libstdc++-v3/include/i686-pc-linux-gnu -I/home/yanxin/git/jrate/gcc-build/i686-pc-linux-gnu/libstdc++-v3/include -I/home/yanxin/git/jrate/gcc/libstdc++-v3/libsupc++ -I/home/yanxin/git/jrate/gcc/libstdc++-v3/libio -I/home/yanxin/git/jrate/gcc/libstdc++-v3/include/backward -I/home/yanxin/git/jrate/gcc/libstdc++-v3/testsuite -L/home/yanxin/git/jrate/gcc-build/i686-pc-linux-gnu/libstdc++-v3/src -L/home/yanxin/git/jrate/gcc-build/i686-pc-linux-gnu/libstdc++-v3/src/.libs -B/usr/local/i686-pc-linux-gnu/bin/ -B/usr/local/i686-pc-linux-gnu/lib/ -isystem /usr/local/i686-pc-linux-gnu/include -c -g -O2 -D_GNU_SOURCE  conftest.cc >&5
conftest.cc: In function `int main()':
conftest.cc:24: error: `exit' undeclared (first use this function)
conftest.cc:24: error: (Each undeclared identifier is reported only once for 
   each function it appears in.)
configure:4896: $? = 1
configure: failed program was:
| /* confdefs.h.  */
| 
| #define PACKAGE_NAME "jRate-core"
| #define PACKAGE_TARNAME "jrate-core"
| #define PACKAGE_VERSION "_LIBJRATECORE_VERSION_"
| #define PACKAGE_STRING "jRate-core _LIBJRATECORE_VERSION_"
| #define PACKAGE_BUGREPORT "jrate-devel@lists.sourceforge.net"
| #define STDC_HEADERS 1
| #define HAVE_SYS_TYPES_H 1
| #define HAVE_SYS_STAT_H 1
| #define HAVE_STDLIB_H 1
| #define HAVE_STRING_H 1
| #define HAVE_MEMORY_H 1
| #define HAVE_STRINGS_H 1
| #define HAVE_INTTYPES_H 1
| #define HAVE_STDINT_H 1
| #define HAVE_UNISTD_H 1
| #define HAVE_DLFCN_H 1
| /* end confdefs.h.  */
| 
| int
| main ()
| {
| exit (42);
|   ;
|   return 0;
| }
configure:4846: /home/yanxin/git/jrate/gcc-build/gcc/g++ -B/home/yanxin/git/jrate/gcc-build/gcc/ -nostdinc++ -nostdinc++ -I/home/yanxin/git/jrate/gcc-build/i686-pc-linux-gnu/libstdc++-v3/include/i686-pc-linux-gnu -I/home/yanxin/git/jrate/gcc-build/i686-pc-linux-gnu/libstdc++-v3/include -I/home/yanxin/git/jrate/gcc/libstdc++-v3/libsupc++ -I/home/yanxin/git/jrate/gcc/libstdc++-v3/libio -I/home/yanxin/git/jrate/gcc/libstdc++-v3/include/backward -I/home/yanxin/git/jrate/gcc/libstdc++-v3/testsuite -L/home/yanxin/git/jrate/gcc-build/i686-pc-linux-gnu/libstdc++-v3/src -L/home/yanxin/git/jrate/gcc-build/i686-pc-linux-gnu/libstdc++-v3/src/.libs -B/usr/local/i686-pc-linux-gnu/bin/ -B/usr/local/i686-pc-linux-gnu/lib/ -isystem /usr/local/i686-pc-linux-gnu/include -c -g -O2 -D_GNU_SOURCE  conftest.cc >&5
configure:4852: $? = 0
configure:4855: test -z 			 || test ! -s conftest.err
configure:4858: $? = 0
configure:4861: test -s conftest.o
configure:4864: $? = 0
configure:4890: /home/yanxin/git/jrate/gcc-build/gcc/g++ -B/home/yanxin/git/jrate/gcc-build/gcc/ -nostdinc++ -nostdinc++ -I/home/yanxin/git/jrate/gcc-build/i686-pc-linux-gnu/libstdc++-v3/include/i686-pc-linux-gnu -I/home/yanxin/git/jrate/gcc-build/i686-pc-linux-gnu/libstdc++-v3/include -I/home/yanxin/git/jrate/gcc/libstdc++-v3/libsupc++ -I/home/yanxin/git/jrate/gcc/libstdc++-v3/libio -I/home/yanxin/git/jrate/gcc/libstdc++-v3/include/backward -I/home/yanxin/git/jrate/gcc/libstdc++-v3/testsuite -L/home/yanxin/git/jrate/gcc-build/i686-pc-linux-gnu/libstdc++-v3/src -L/home/yanxin/git/jrate/gcc-build/i686-pc-linux-gnu/libstdc++-v3/src/.libs -B/usr/local/i686-pc-linux-gnu/bin/ -B/usr/local/i686-pc-linux-gnu/lib/ -isystem /usr/local/i686-pc-linux-gnu/include -c -g -O2 -D_GNU_SOURCE  conftest.cc >&5
configure:4896: $? = 0
configure:4899: test -z 			 || test ! -s conftest.err
configure:4902: $? = 0
configure:4905: test -s conftest.o
configure:4908: $? = 0
configure:4933: checking dependency style of /home/yanxin/git/jrate/gcc-build/gcc/g++ -B/home/yanxin/git/jrate/gcc-build/gcc/ -nostdinc++ -nostdinc++ -I/home/yanxin/git/jrate/gcc-build/i686-pc-linux-gnu/libstdc++-v3/include/i686-pc-linux-gnu -I/home/yanxin/git/jrate/gcc-build/i686-pc-linux-gnu/libstdc++-v3/include -I/home/yanxin/git/jrate/gcc/libstdc++-v3/libsupc++ -I/home/yanxin/git/jrate/gcc/libstdc++-v3/libio -I/home/yanxin/git/jrate/gcc/libstdc++-v3/include/backward -I/home/yanxin/git/jrate/gcc/libstdc++-v3/testsuite -L/home/yanxin/git/jrate/gcc-build/i686-pc-linux-gnu/libstdc++-v3/src -L/home/yanxin/git/jrate/gcc-build/i686-pc-linux-gnu/libstdc++-v3/src/.libs -B/usr/local/i686-pc-linux-gnu/bin/ -B/usr/local/i686-pc-linux-gnu/lib/ -isystem /usr/local/i686-pc-linux-gnu/include
configure:5023: result: gcc3
configure:5050: checking how to run the C++ preprocessor
configure:5164: result: /home/yanxin/git/jrate/gcc-build/gcc/xgcc -shared-libgcc -B/home/yanxin/git/jrate/gcc-build/gcc/ -nostdinc++  -L/home/yanxin/git/jrate/gcc-build/i686-pc-linux-gnu/libstdc++-v3/src -L/home/yanxin/git/jrate/gcc-build/i686-pc-linux-gnu/libstdc++-v3/src/.libs -B/usr/local/i686-pc-linux-gnu/bin/ -B/usr/local/i686-pc-linux-gnu/lib/ -isystem /usr/local/i686-pc-linux-gnu/include -E
configure:5188: /home/yanxin/git/jrate/gcc-build/gcc/xgcc -shared-libgcc -B/home/yanxin/git/jrate/gcc-build/gcc/ -nostdinc++  -L/home/yanxin/git/jrate/gcc-build/i686-pc-linux-gnu/libstdc++-v3/src -L/home/yanxin/git/jrate/gcc-build/i686-pc-linux-gnu/libstdc++-v3/src/.libs -B/usr/local/i686-pc-linux-gnu/bin/ -B/usr/local/i686-pc-linux-gnu/lib/ -isystem /usr/local/i686-pc-linux-gnu/include -E  conftest.cc
configure:5194: $? = 0
configure:5226: /home/yanxin/git/jrate/gcc-build/gcc/xgcc -shared-libgcc -B/home/yanxin/git/jrate/gcc-build/gcc/ -nostdinc++  -L/home/yanxin/git/jrate/gcc-build/i686-pc-linux-gnu/libstdc++-v3/src -L/home/yanxin/git/jrate/gcc-build/i686-pc-linux-gnu/libstdc++-v3/src/.libs -B/usr/local/i686-pc-linux-gnu/bin/ -B/usr/local/i686-pc-linux-gnu/lib/ -isystem /usr/local/i686-pc-linux-gnu/include -E  conftest.cc
conftest.cc:23:28: ac_nonexistent.h: No such file or directory
configure:5232: $? = 1
configure: failed program was:
| /* confdefs.h.  */
| 
| #define PACKAGE_NAME "jRate-core"
| #define PACKAGE_TARNAME "jrate-core"
| #define PACKAGE_VERSION "_LIBJRATECORE_VERSION_"
| #define PACKAGE_STRING "jRate-core _LIBJRATECORE_VERSION_"
| #define PACKAGE_BUGREPORT "jrate-devel@lists.sourceforge.net"
| #define STDC_HEADERS 1
| #define HAVE_SYS_TYPES_H 1
| #define HAVE_SYS_STAT_H 1
| #define HAVE_STDLIB_H 1
| #define HAVE_STRING_H 1
| #define HAVE_MEMORY_H 1
| #define HAVE_STRINGS_H 1
| #define HAVE_INTTYPES_H 1
| #define HAVE_STDINT_H 1
| #define HAVE_UNISTD_H 1
| #define HAVE_DLFCN_H 1
| #ifdef __cplusplus
| extern "C" void std::exit (int) throw (); using std::exit;
| #endif
| /* end confdefs.h.  */
| #include <ac_nonexistent.h>
configure:5287: checking for i686-pc-linux-gnu-g77
configure:5316: result: no
configure:5287: checking for i686-pc-linux-gnu-f77
configure:5316: result: no
configure:5287: checking for i686-pc-linux-gnu-xlf
configure:5316: result: no
configure:5287: checking for i686-pc-linux-gnu-frt
configure:5316: result: no
configure:5287: checking for i686-pc-linux-gnu-pgf77
configure:5316: result: no
configure:5287: checking for i686-pc-linux-gnu-fort77
configure:5316: result: no
configure:5287: checking for i686-pc-linux-gnu-fl32
configure:5316: result: no
configure:5287: checking for i686-pc-linux-gnu-af77
configure:5316: result: no
configure:5287: checking for i686-pc-linux-gnu-f90
configure:5316: result: no
configure:5287: checking for i686-pc-linux-gnu-xlf90
configure:5316: result: no
configure:5287: checking for i686-pc-linux-gnu-pgf90
configure:5316: result: no
configure:5287: checking for i686-pc-linux-gnu-epcf90
configure:5316: result: no
configure:5287: checking for i686-pc-linux-gnu-f95
configure:5316: result: no
configure:5287: checking for i686-pc-linux-gnu-fort
configure:5316: result: no
configure:5287: checking for i686-pc-linux-gnu-xlf95
configure:5316: result: no
configure:5287: checking for i686-pc-linux-gnu-ifc
configure:5316: result: no
configure:5287: checking for i686-pc-linux-gnu-efc
configure:5316: result: no
configure:5287: checking for i686-pc-linux-gnu-pgf95
configure:5316: result: no
configure:5287: checking for i686-pc-linux-gnu-lf95
configure:5316: result: no
configure:5287: checking for i686-pc-linux-gnu-gfortran
configure:5316: result: no
configure:5329: checking for g77
configure:5358: result: no
configure:5329: checking for f77
configure:5358: result: no
configure:5329: checking for xlf
configure:5358: result: no
configure:5329: checking for frt
configure:5358: result: no
configure:5329: checking for pgf77
configure:5358: result: no
configure:5329: checking for fort77
configure:5358: result: no
configure:5329: checking for fl32
configure:5358: result: no
configure:5329: checking for af77
configure:5358: result: no
configure:5329: checking for f90
configure:5358: result: no
configure:5329: checking for xlf90
configure:5358: result: no
configure:5329: checking for pgf90
configure:5358: result: no
configure:5329: checking for epcf90
configure:5358: result: no
configure:5329: checking for f95
configure:5358: result: no
configure:5329: checking for fort
configure:5358: result: no
configure:5329: checking for xlf95
configure:5358: result: no
configure:5329: checking for ifc
configure:5358: result: no
configure:5329: checking for efc
configure:5358: result: no
configure:5329: checking for pgf95
configure:5358: result: no
configure:5329: checking for lf95
configure:5358: result: no
configure:5329: checking for gfortran
configure:5358: result: no
configure:5370: checking for Fortran 77 compiler version
configure:5373:  --version </dev/null >&5
/home/yanxin/git/jrate/gcc/libjRateCore/configure: line 5374: --version: command not found
configure:5376: $? = 127
configure:5378:  -v </dev/null >&5
/home/yanxin/git/jrate/gcc/libjRateCore/configure: line 5379: -v: command not found
configure:5381: $? = 127
configure:5383:  -V </dev/null >&5
/home/yanxin/git/jrate/gcc/libjRateCore/configure: line 5384: -V: command not found
configure:5386: $? = 127
configure:5394: checking whether we are using the GNU Fortran 77 compiler
configure:5408:  -c  conftest.F >&5
/home/yanxin/git/jrate/gcc/libjRateCore/configure: line 5409: -c: command not found
configure:5414: $? = 127
configure: failed program was:
|       program main
| #ifndef __GNUC__
|        choke me
| #endif
| 
|       end
configure:5439: result: no
configure:5445: checking whether  accepts -g
configure:5457:  -c -g conftest.f >&5
/home/yanxin/git/jrate/gcc/libjRateCore/configure: line 5458: -c: command not found
configure:5463: $? = 127
configure: failed program was:
|       program main
| 
|       end
configure:5487: result: no
configure:5517: checking the maximum length of command line arguments
configure:5626: result: 49153
configure:5637: checking command to parse nm output from /home/yanxin/git/jrate/gcc-build/gcc/xgcc -B/home/yanxin/git/jrate/gcc-build/gcc/ -B/usr/local/i686-pc-linux-gnu/bin/ -B/usr/local/i686-pc-linux-gnu/lib/ -isystem /usr/local/i686-pc-linux-gnu/include object
configure:5742: /home/yanxin/git/jrate/gcc-build/gcc/xgcc -B/home/yanxin/git/jrate/gcc-build/gcc/ -B/usr/local/i686-pc-linux-gnu/bin/ -B/usr/local/i686-pc-linux-gnu/lib/ -isystem /usr/local/i686-pc-linux-gnu/include -c -O2 -g -O2  conftest.c >&5
configure:5745: $? = 0
configure:5749: nm conftest.o \| sed -n -e 's/^.*[ 	]\([ABCDGIRSTW][ABCDGIRSTW]*\)[ 	][ 	]*\([_A-Za-z][_A-Za-z0-9]*\)$/\1 \2 \2/p' \> conftest.nm
configure:5752: $? = 0
configure:5804: /home/yanxin/git/jrate/gcc-build/gcc/xgcc -B/home/yanxin/git/jrate/gcc-build/gcc/ -B/usr/local/i686-pc-linux-gnu/bin/ -B/usr/local/i686-pc-linux-gnu/lib/ -isystem /usr/local/i686-pc-linux-gnu/include -o conftest -O2 -g -O2   conftest.c conftstm.o >&5
configure:5807: $? = 0
configure:5845: result: ok
configure:5849: checking for objdir
configure:5864: result: .libs
configure:5916: checking for i686-pc-linux-gnu-ar
configure:5942: result: ar
configure:5996: checking for i686-pc-linux-gnu-ranlib
configure:6022: result: ranlib
configure:6076: checking for i686-pc-linux-gnu-strip
configure:6102: result: strip
configure:6413: checking if /home/yanxin/git/jrate/gcc-build/gcc/xgcc -B/home/yanxin/git/jrate/gcc-build/gcc/ -B/usr/local/i686-pc-linux-gnu/bin/ -B/usr/local/i686-pc-linux-gnu/lib/ -isystem /usr/local/i686-pc-linux-gnu/include supports -fno-rtti -fno-exceptions
configure:6431: /home/yanxin/git/jrate/gcc-build/gcc/xgcc -B/home/yanxin/git/jrate/gcc-build/gcc/ -B/usr/local/i686-pc-linux-gnu/bin/ -B/usr/local/i686-pc-linux-gnu/lib/ -isystem /usr/local/i686-pc-linux-gnu/include -c -O2 -g -O2  -fno-rtti -fno-exceptions conftest.c >&5
cc1: warning: "-fno-rtti" is valid for C++ but not for C/ObjC
configure:6435: $? = 0
configure:6448: result: no
configure:6463: checking for /home/yanxin/git/jrate/gcc-build/gcc/xgcc -B/home/yanxin/git/jrate/gcc-build/gcc/ -B/usr/local/i686-pc-linux-gnu/bin/ -B/usr/local/i686-pc-linux-gnu/lib/ -isystem /usr/local/i686-pc-linux-gnu/include option to produce PIC
configure:6673: result: -fPIC
configure:6681: checking if /home/yanxin/git/jrate/gcc-build/gcc/xgcc -B/home/yanxin/git/jrate/gcc-build/gcc/ -B/usr/local/i686-pc-linux-gnu/bin/ -B/usr/local/i686-pc-linux-gnu/lib/ -isystem /usr/local/i686-pc-linux-gnu/include PIC flag -fPIC works
configure:6699: /home/yanxin/git/jrate/gcc-build/gcc/xgcc -B/home/yanxin/git/jrate/gcc-build/gcc/ -B/usr/local/i686-pc-linux-gnu/bin/ -B/usr/local/i686-pc-linux-gnu/lib/ -isystem /usr/local/i686-pc-linux-gnu/include -c -O2 -g -O2  -fPIC -DPIC conftest.c >&5
configure:6703: $? = 0
configure:6716: result: yes
configure:6744: checking if /home/yanxin/git/jrate/gcc-build/gcc/xgcc -B/home/yanxin/git/jrate/gcc-build/gcc/ -B/usr/local/i686-pc-linux-gnu/bin/ -B/usr/local/i686-pc-linux-gnu/lib/ -isystem /usr/local/i686-pc-linux-gnu/include static flag -static works
configure:6772: result: yes
configure:6782: checking if /home/yanxin/git/jrate/gcc-build/gcc/xgcc -B/home/yanxin/git/jrate/gcc-build/gcc/ -B/usr/local/i686-pc-linux-gnu/bin/ -B/usr/local/i686-pc-linux-gnu/lib/ -isystem /usr/local/i686-pc-linux-gnu/include supports -c -o file.o
configure:6803: /home/yanxin/git/jrate/gcc-build/gcc/xgcc -B/home/yanxin/git/jrate/gcc-build/gcc/ -B/usr/local/i686-pc-linux-gnu/bin/ -B/usr/local/i686-pc-linux-gnu/lib/ -isystem /usr/local/i686-pc-linux-gnu/include -c -O2 -g -O2  -o out/conftest2.o conftest.c >&5
configure:6807: $? = 0
configure:6829: result: yes
configure:6855: checking whether the /home/yanxin/git/jrate/gcc-build/gcc/xgcc -B/home/yanxin/git/jrate/gcc-build/gcc/ -B/usr/local/i686-pc-linux-gnu/bin/ -B/usr/local/i686-pc-linux-gnu/lib/ -isystem /usr/local/i686-pc-linux-gnu/include linker (ld) supports shared libraries
configure:7821: result: yes
configure:7842: checking whether -lc should be explicitly linked in
configure:7847: /home/yanxin/git/jrate/gcc-build/gcc/xgcc -B/home/yanxin/git/jrate/gcc-build/gcc/ -B/usr/local/i686-pc-linux-gnu/bin/ -B/usr/local/i686-pc-linux-gnu/lib/ -isystem /usr/local/i686-pc-linux-gnu/include -c -O2 -g -O2  conftest.c >&5
configure:7850: $? = 0
configure:7865: /home/yanxin/git/jrate/gcc-build/gcc/xgcc -B/home/yanxin/git/jrate/gcc-build/gcc/ -B/usr/local/i686-pc-linux-gnu/bin/ -B/usr/local/i686-pc-linux-gnu/lib/ -isystem /usr/local/i686-pc-linux-gnu/include -shared conftest.o  -v -Wl,-soname -Wl,conftest -o conftest 2\>\&1 \| grep  -lc  \>/dev/null 2\>\&1
configure:7868: $? = 0
configure:7880: result: no
configure:7888: checking dynamic linker characteristics
configure:8488: result: GNU/Linux ld.so
configure:8497: checking how to hardcode library paths into programs
configure:8522: result: immediate
configure:8536: checking whether stripping libraries is possible
configure:8541: result: yes
configure:9368: checking if libtool supports shared libraries
configure:9370: result: yes
configure:9373: checking whether to build shared libraries
configure:9394: result: yes
configure:9397: checking whether to build static libraries
configure:9401: result: yes
configure:9493: creating libtool
configure:10081: checking for ld used by /home/yanxin/git/jrate/gcc-build/gcc/g++ -B/home/yanxin/git/jrate/gcc-build/gcc/ -nostdinc++ -nostdinc++ -I/home/yanxin/git/jrate/gcc-build/i686-pc-linux-gnu/libstdc++-v3/include/i686-pc-linux-gnu -I/home/yanxin/git/jrate/gcc-build/i686-pc-linux-gnu/libstdc++-v3/include -I/home/yanxin/git/jrate/gcc/libstdc++-v3/libsupc++ -I/home/yanxin/git/jrate/gcc/libstdc++-v3/libio -I/home/yanxin/git/jrate/gcc/libstdc++-v3/include/backward -I/home/yanxin/git/jrate/gcc/libstdc++-v3/testsuite -L/home/yanxin/git/jrate/gcc-build/i686-pc-linux-gnu/libstdc++-v3/src -L/home/yanxin/git/jrate/gcc-build/i686-pc-linux-gnu/libstdc++-v3/src/.libs -B/usr/local/i686-pc-linux-gnu/bin/ -B/usr/local/i686-pc-linux-gnu/lib/ -isystem /usr/local/i686-pc-linux-gnu/include
configure:10148: result: ld
configure:10157: checking if the linker (ld) is GNU ld
configure:10172: result: yes
configure:10223: checking whether the /home/yanxin/git/jrate/gcc-build/gcc/g++ -B/home/yanxin/git/jrate/gcc-build/gcc/ -nostdinc++ -nostdinc++ -I/home/yanxin/git/jrate/gcc-build/i686-pc-linux-gnu/libstdc++-v3/include/i686-pc-linux-gnu -I/home/yanxin/git/jrate/gcc-build/i686-pc-linux-gnu/libstdc++-v3/include -I/home/yanxin/git/jrate/gcc/libstdc++-v3/libsupc++ -I/home/yanxin/git/jrate/gcc/libstdc++-v3/libio -I/home/yanxin/git/jrate/gcc/libstdc++-v3/include/backward -I/home/yanxin/git/jrate/gcc/libstdc++-v3/testsuite -L/home/yanxin/git/jrate/gcc-build/i686-pc-linux-gnu/libstdc++-v3/src -L/home/yanxin/git/jrate/gcc-build/i686-pc-linux-gnu/libstdc++-v3/src/.libs -B/usr/local/i686-pc-linux-gnu/bin/ -B/usr/local/i686-pc-linux-gnu/lib/ -isystem /usr/local/i686-pc-linux-gnu/include linker (ld) supports shared libraries
configure:11159: result: yes
configure:11177: /home/yanxin/git/jrate/gcc-build/gcc/g++ -B/home/yanxin/git/jrate/gcc-build/gcc/ -nostdinc++ -nostdinc++ -I/home/yanxin/git/jrate/gcc-build/i686-pc-linux-gnu/libstdc++-v3/include/i686-pc-linux-gnu -I/home/yanxin/git/jrate/gcc-build/i686-pc-linux-gnu/libstdc++-v3/include -I/home/yanxin/git/jrate/gcc/libstdc++-v3/libsupc++ -I/home/yanxin/git/jrate/gcc/libstdc++-v3/libio -I/home/yanxin/git/jrate/gcc/libstdc++-v3/include/backward -I/home/yanxin/git/jrate/gcc/libstdc++-v3/testsuite -L/home/yanxin/git/jrate/gcc-build/i686-pc-linux-gnu/libstdc++-v3/src -L/home/yanxin/git/jrate/gcc-build/i686-pc-linux-gnu/libstdc++-v3/src/.libs -B/usr/local/i686-pc-linux-gnu/bin/ -B/usr/local/i686-pc-linux-gnu/lib/ -isystem /usr/local/i686-pc-linux-gnu/include -c -g -O2 -D_GNU_SOURCE  conftest.cpp >&5
configure:11180: $? = 0
configure:11299: checking for /home/yanxin/git/jrate/gcc-build/gcc/g++ -B/home/yanxin/git/jrate/gcc-build/gcc/ -nostdinc++ -nostdinc++ -I/home/yanxin/git/jrate/gcc-build/i686-pc-linux-gnu/libstdc++-v3/include/i686-pc-linux-gnu -I/home/yanxin/git/jrate/gcc-build/i686-pc-linux-gnu/libstdc++-v3/include -I/home/yanxin/git/jrate/gcc/libstdc++-v3/libsupc++ -I/home/yanxin/git/jrate/gcc/libstdc++-v3/libio -I/home/yanxin/git/jrate/gcc/libstdc++-v3/include/backward -I/home/yanxin/git/jrate/gcc/libstdc++-v3/testsuite -L/home/yanxin/git/jrate/gcc-build/i686-pc-linux-gnu/libstdc++-v3/src -L/home/yanxin/git/jrate/gcc-build/i686-pc-linux-gnu/libstdc++-v3/src/.libs -B/usr/local/i686-pc-linux-gnu/bin/ -B/usr/local/i686-pc-linux-gnu/lib/ -isystem /usr/local/i686-pc-linux-gnu/include option to produce PIC
configure:11573: result: -fPIC
configure:11581: checking if /home/yanxin/git/jrate/gcc-build/gcc/g++ -B/home/yanxin/git/jrate/gcc-build/gcc/ -nostdinc++ -nostdinc++ -I/home/yanxin/git/jrate/gcc-build/i686-pc-linux-gnu/libstdc++-v3/include/i686-pc-linux-gnu -I/home/yanxin/git/jrate/gcc-build/i686-pc-linux-gnu/libstdc++-v3/include -I/home/yanxin/git/jrate/gcc/libstdc++-v3/libsupc++ -I/home/yanxin/git/jrate/gcc/libstdc++-v3/libio -I/home/yanxin/git/jrate/gcc/libstdc++-v3/include/backward -I/home/yanxin/git/jrate/gcc/libstdc++-v3/testsuite -L/home/yanxin/git/jrate/gcc-build/i686-pc-linux-gnu/libstdc++-v3/src -L/home/yanxin/git/jrate/gcc-build/i686-pc-linux-gnu/libstdc++-v3/src/.libs -B/usr/local/i686-pc-linux-gnu/bin/ -B/usr/local/i686-pc-linux-gnu/lib/ -isystem /usr/local/i686-pc-linux-gnu/include PIC flag -fPIC works
configure:11599: /home/yanxin/git/jrate/gcc-build/gcc/g++ -B/home/yanxin/git/jrate/gcc-build/gcc/ -nostdinc++ -nostdinc++ -I/home/yanxin/git/jrate/gcc-build/i686-pc-linux-gnu/libstdc++-v3/include/i686-pc-linux-gnu -I/home/yanxin/git/jrate/gcc-build/i686-pc-linux-gnu/libstdc++-v3/include -I/home/yanxin/git/jrate/gcc/libstdc++-v3/libsupc++ -I/home/yanxin/git/jrate/gcc/libstdc++-v3/libio -I/home/yanxin/git/jrate/gcc/libstdc++-v3/include/backward -I/home/yanxin/git/jrate/gcc/libstdc++-v3/testsuite -L/home/yanxin/git/jrate/gcc-build/i686-pc-linux-gnu/libstdc++-v3/src -L/home/yanxin/git/jrate/gcc-build/i686-pc-linux-gnu/libstdc++-v3/src/.libs -B/usr/local/i686-pc-linux-gnu/bin/ -B/usr/local/i686-pc-linux-gnu/lib/ -isystem /usr/local/i686-pc-linux-gnu/include -c -g -O2 -D_GNU_SOURCE  -fPIC -DPIC conftest.cpp >&5
configure:11603: $? = 0
configure:11616: result: yes
configure:11644: checking if /home/yanxin/git/jrate/gcc-build/gcc/g++ -B/home/yanxin/git/jrate/gcc-build/gcc/ -nostdinc++ -nostdinc++ -I/home/yanxin/git/jrate/gcc-build/i686-pc-linux-gnu/libstdc++-v3/include/i686-pc-linux-gnu -I/home/yanxin/git/jrate/gcc-build/i686-pc-linux-gnu/libstdc++-v3/include -I/home/yanxin/git/jrate/gcc/libstdc++-v3/libsupc++ -I/home/yanxin/git/jrate/gcc/libstdc++-v3/libio -I/home/yanxin/git/jrate/gcc/libstdc++-v3/include/backward -I/home/yanxin/git/jrate/gcc/libstdc++-v3/testsuite -L/home/yanxin/git/jrate/gcc-build/i686-pc-linux-gnu/libstdc++-v3/src -L/home/yanxin/git/jrate/gcc-build/i686-pc-linux-gnu/libstdc++-v3/src/.libs -B/usr/local/i686-pc-linux-gnu/bin/ -B/usr/local/i686-pc-linux-gnu/lib/ -isystem /usr/local/i686-pc-linux-gnu/include static flag -static works
configure:11672: result: yes
configure:11682: checking if /home/yanxin/git/jrate/gcc-build/gcc/g++ -B/home/yanxin/git/jrate/gcc-build/gcc/ -nostdinc++ -nostdinc++ -I/home/yanxin/git/jrate/gcc-build/i686-pc-linux-gnu/libstdc++-v3/include/i686-pc-linux-gnu -I/home/yanxin/git/jrate/gcc-build/i686-pc-linux-gnu/libstdc++-v3/include -I/home/yanxin/git/jrate/gcc/libstdc++-v3/libsupc++ -I/home/yanxin/git/jrate/gcc/libstdc++-v3/libio -I/home/yanxin/git/jrate/gcc/libstdc++-v3/include/backward -I/home/yanxin/git/jrate/gcc/libstdc++-v3/testsuite -L/home/yanxin/git/jrate/gcc-build/i686-pc-linux-gnu/libstdc++-v3/src -L/home/yanxin/git/jrate/gcc-build/i686-pc-linux-gnu/libstdc++-v3/src/.libs -B/usr/local/i686-pc-linux-gnu/bin/ -B/usr/local/i686-pc-linux-gnu/lib/ -isystem /usr/local/i686-pc-linux-gnu/include supports -c -o file.o
configure:11703: /home/yanxin/git/jrate/gcc-build/gcc/g++ -B/home/yanxin/git/jrate/gcc-build/gcc/ -nostdinc++ -nostdinc++ -I/home/yanxin/git/jrate/gcc-build/i686-pc-linux-gnu/libstdc++-v3/include/i686-pc-linux-gnu -I/home/yanxin/git/jrate/gcc-build/i686-pc-linux-gnu/libstdc++-v3/include -I/home/yanxin/git/jrate/gcc/libstdc++-v3/libsupc++ -I/home/yanxin/git/jrate/gcc/libstdc++-v3/libio -I/home/yanxin/git/jrate/gcc/libstdc++-v3/include/backward -I/home/yanxin/git/jrate/gcc/libstdc++-v3/testsuite -L/home/yanxin/git/jrate/gcc-build/i686-pc-linux-gnu/libstdc++-v3/src -L/home/yanxin/git/jrate/gcc-build/i686-pc-linux-gnu/libstdc++-v3/src/.libs -B/usr/local/i686-pc-linux-gnu/bin/ -B/usr/local/i686-pc-linux-gnu/lib/ -isystem /usr/local/i686-pc-linux-gnu/include -c -g -O2 -D_GNU_SOURCE  -o out/conftest2.o conftest.cpp >&5
configure:11707: $? = 0
configure:11729: result: yes
configure:11755: checking whether the /home/yanxin/git/jrate/gcc-build/gcc/g++ -B/home/yanxin/git/jrate/gcc-build/gcc/ -nostdinc++ -nostdinc++ -I/home/yanxin/git/jrate/gcc-build/i686-pc-linux-gnu/libstdc++-v3/include/i686-pc-linux-gnu -I/home/yanxin/git/jrate/gcc-build/i686-pc-linux-gnu/libstdc++-v3/include -I/home/yanxin/git/jrate/gcc/libstdc++-v3/libsupc++ -I/home/yanxin/git/jrate/gcc/libstdc++-v3/libio -I/home/yanxin/git/jrate/gcc/libstdc++-v3/include/backward -I/home/yanxin/git/jrate/gcc/libstdc++-v3/testsuite -L/home/yanxin/git/jrate/gcc-build/i686-pc-linux-gnu/libstdc++-v3/src -L/home/yanxin/git/jrate/gcc-build/i686-pc-linux-gnu/libstdc++-v3/src/.libs -B/usr/local/i686-pc-linux-gnu/bin/ -B/usr/local/i686-pc-linux-gnu/lib/ -isystem /usr/local/i686-pc-linux-gnu/include linker (ld) supports shared libraries
configure:11786: result: yes
configure:11853: checking dynamic linker characteristics
configure:12453: result: GNU/Linux ld.so
configure:12462: checking how to hardcode library paths into programs
configure:12487: result: immediate
configure:18692: checking how to run the C preprocessor
configure:18810: result: /home/yanxin/git/jrate/gcc-build/gcc/xgcc -B/home/yanxin/git/jrate/gcc-build/gcc/ -B/usr/local/i686-pc-linux-gnu/bin/ -B/usr/local/i686-pc-linux-gnu/lib/ -isystem /usr/local/i686-pc-linux-gnu/include -E
configure:18834: /home/yanxin/git/jrate/gcc-build/gcc/xgcc -B/home/yanxin/git/jrate/gcc-build/gcc/ -B/usr/local/i686-pc-linux-gnu/bin/ -B/usr/local/i686-pc-linux-gnu/lib/ -isystem /usr/local/i686-pc-linux-gnu/include -E  conftest.c
configure:18840: $? = 0
configure:18872: /home/yanxin/git/jrate/gcc-build/gcc/xgcc -B/home/yanxin/git/jrate/gcc-build/gcc/ -B/usr/local/i686-pc-linux-gnu/bin/ -B/usr/local/i686-pc-linux-gnu/lib/ -isystem /usr/local/i686-pc-linux-gnu/include -E  conftest.c
conftest.c:23:28: ac_nonexistent.h: No such file or directory
configure:18878: $? = 1
configure: failed program was:
| /* confdefs.h.  */
| 
| #define PACKAGE_NAME "jRate-core"
| #define PACKAGE_TARNAME "jrate-core"
| #define PACKAGE_VERSION "_LIBJRATECORE_VERSION_"
| #define PACKAGE_STRING "jRate-core _LIBJRATECORE_VERSION_"
| #define PACKAGE_BUGREPORT "jrate-devel@lists.sourceforge.net"
| #define STDC_HEADERS 1
| #define HAVE_SYS_TYPES_H 1
| #define HAVE_SYS_STAT_H 1
| #define HAVE_STDLIB_H 1
| #define HAVE_STRING_H 1
| #define HAVE_MEMORY_H 1
| #define HAVE_STRINGS_H 1
| #define HAVE_INTTYPES_H 1
| #define HAVE_STDINT_H 1
| #define HAVE_UNISTD_H 1
| #define HAVE_DLFCN_H 1
| #ifdef __cplusplus
| extern "C" void std::exit (int) throw (); using std::exit;
| #endif
| /* end confdefs.h.  */
| #include <ac_nonexistent.h>
configure:18932: checking for i686-pc-linux-gnu-g++
configure:18958: result: /home/yanxin/git/jrate/gcc-build/gcc/g++ -B/home/yanxin/git/jrate/gcc-build/gcc/ -nostdinc++ -nostdinc++ -I/home/yanxin/git/jrate/gcc-build/i686-pc-linux-gnu/libstdc++-v3/include/i686-pc-linux-gnu -I/home/yanxin/git/jrate/gcc-build/i686-pc-linux-gnu/libstdc++-v3/include -I/home/yanxin/git/jrate/gcc/libstdc++-v3/libsupc++ -I/home/yanxin/git/jrate/gcc/libstdc++-v3/libio -I/home/yanxin/git/jrate/gcc/libstdc++-v3/include/backward -I/home/yanxin/git/jrate/gcc/libstdc++-v3/testsuite -L/home/yanxin/git/jrate/gcc-build/i686-pc-linux-gnu/libstdc++-v3/src -L/home/yanxin/git/jrate/gcc-build/i686-pc-linux-gnu/libstdc++-v3/src/.libs -B/usr/local/i686-pc-linux-gnu/bin/ -B/usr/local/i686-pc-linux-gnu/lib/ -isystem /usr/local/i686-pc-linux-gnu/include
configure:19016: checking for C++ compiler version
configure:19019: /home/yanxin/git/jrate/gcc-build/gcc/g++ -B/home/yanxin/git/jrate/gcc-build/gcc/ -nostdinc++ -nostdinc++ -I/home/yanxin/git/jrate/gcc-build/i686-pc-linux-gnu/libstdc++-v3/include/i686-pc-linux-gnu -I/home/yanxin/git/jrate/gcc-build/i686-pc-linux-gnu/libstdc++-v3/include -I/home/yanxin/git/jrate/gcc/libstdc++-v3/libsupc++ -I/home/yanxin/git/jrate/gcc/libstdc++-v3/libio -I/home/yanxin/git/jrate/gcc/libstdc++-v3/include/backward -I/home/yanxin/git/jrate/gcc/libstdc++-v3/testsuite -L/home/yanxin/git/jrate/gcc-build/i686-pc-linux-gnu/libstdc++-v3/src -L/home/yanxin/git/jrate/gcc-build/i686-pc-linux-gnu/libstdc++-v3/src/.libs -B/usr/local/i686-pc-linux-gnu/bin/ -B/usr/local/i686-pc-linux-gnu/lib/ -isystem /usr/local/i686-pc-linux-gnu/include --version </dev/null >&5
g++ (GCC) 3.3.3
Copyright (C) 2003 Free Software Foundation, Inc.
This is free software; see the source for copying conditions.  There is NO
warranty; not even for MERCHANTABILITY or FITNESS FOR A PARTICULAR PURPOSE.

configure:19022: $? = 0
configure:19024: /home/yanxin/git/jrate/gcc-build/gcc/g++ -B/home/yanxin/git/jrate/gcc-build/gcc/ -nostdinc++ -nostdinc++ -I/home/yanxin/git/jrate/gcc-build/i686-pc-linux-gnu/libstdc++-v3/include/i686-pc-linux-gnu -I/home/yanxin/git/jrate/gcc-build/i686-pc-linux-gnu/libstdc++-v3/include -I/home/yanxin/git/jrate/gcc/libstdc++-v3/libsupc++ -I/home/yanxin/git/jrate/gcc/libstdc++-v3/libio -I/home/yanxin/git/jrate/gcc/libstdc++-v3/include/backward -I/home/yanxin/git/jrate/gcc/libstdc++-v3/testsuite -L/home/yanxin/git/jrate/gcc-build/i686-pc-linux-gnu/libstdc++-v3/src -L/home/yanxin/git/jrate/gcc-build/i686-pc-linux-gnu/libstdc++-v3/src/.libs -B/usr/local/i686-pc-linux-gnu/bin/ -B/usr/local/i686-pc-linux-gnu/lib/ -isystem /usr/local/i686-pc-linux-gnu/include -v </dev/null >&5
Reading specs from /home/yanxin/git/jrate/gcc-build/gcc/specs
Configured with: /home/yanxin/git/jrate/gcc/configure --host=i686-pc-linux-gnu --build=i686-pc-linux-gnu --target=i686-pc-linux-gnu --disable-jvmpi --enable-java-gc=jRate --enable-threads=posix --enable-languages=c,c++,java --prefix=/usr/local --program-prefix=jRate- --disable-interpreter --disable-hash-synchronization --disable-pthread-self-cache --enable-shared --enable-static
Thread model: posix
gcc version 3.3.3
g++: no input files
configure:19027: $? = 1
configure:19029: /home/yanxin/git/jrate/gcc-build/gcc/g++ -B/home/yanxin/git/jrate/gcc-build/gcc/ -nostdinc++ -nostdinc++ -I/home/yanxin/git/jrate/gcc-build/i686-pc-linux-gnu/libstdc++-v3/include/i686-pc-linux-gnu -I/home/yanxin/git/jrate/gcc-build/i686-pc-linux-gnu/libstdc++-v3/include -I/home/yanxin/git/jrate/gcc/libstdc++-v3/libsupc++ -I/home/yanxin/git/jrate/gcc/libstdc++-v3/libio -I/home/yanxin/git/jrate/gcc/libstdc++-v3/include/backward -I/home/yanxin/git/jrate/gcc/libstdc++-v3/testsuite -L/home/yanxin/git/jrate/gcc-build/i686-pc-linux-gnu/libstdc++-v3/src -L/home/yanxin/git/jrate/gcc-build/i686-pc-linux-gnu/libstdc++-v3/src/.libs -B/usr/local/i686-pc-linux-gnu/bin/ -B/usr/local/i686-pc-linux-gnu/lib/ -isystem /usr/local/i686-pc-linux-gnu/include -V </dev/null >&5
g++: argument to `-V' missing

configure:19032: $? = 1
configure:19035: checking whether we are using the GNU C++ compiler
configure:19090: result: yes
configure:19096: checking whether /home/yanxin/git/jrate/gcc-build/gcc/g++ -B/home/yanxin/git/jrate/gcc-build/gcc/ -nostdinc++ -nostdinc++ -I/home/yanxin/git/jrate/gcc-build/i686-pc-linux-gnu/libstdc++-v3/include/i686-pc-linux-gnu -I/home/yanxin/git/jrate/gcc-build/i686-pc-linux-gnu/libstdc++-v3/include -I/home/yanxin/git/jrate/gcc/libstdc++-v3/libsupc++ -I/home/yanxin/git/jrate/gcc/libstdc++-v3/libio -I/home/yanxin/git/jrate/gcc/libstdc++-v3/include/backward -I/home/yanxin/git/jrate/gcc/libstdc++-v3/testsuite -L/home/yanxin/git/jrate/gcc-build/i686-pc-linux-gnu/libstdc++-v3/src -L/home/yanxin/git/jrate/gcc-build/i686-pc-linux-gnu/libstdc++-v3/src/.libs -B/usr/local/i686-pc-linux-gnu/bin/ -B/usr/local/i686-pc-linux-gnu/lib/ -isystem /usr/local/i686-pc-linux-gnu/include accepts -g
configure:19146: result: yes
configure:19188: /home/yanxin/git/jrate/gcc-build/gcc/g++ -B/home/yanxin/git/jrate/gcc-build/gcc/ -nostdinc++ -nostdinc++ -I/home/yanxin/git/jrate/gcc-build/i686-pc-linux-gnu/libstdc++-v3/include/i686-pc-linux-gnu -I/home/yanxin/git/jrate/gcc-build/i686-pc-linux-gnu/libstdc++-v3/include -I/home/yanxin/git/jrate/gcc/libstdc++-v3/libsupc++ -I/home/yanxin/git/jrate/gcc/libstdc++-v3/libio -I/home/yanxin/git/jrate/gcc/libstdc++-v3/include/backward -I/home/yanxin/git/jrate/gcc/libstdc++-v3/testsuite -L/home/yanxin/git/jrate/gcc-build/i686-pc-linux-gnu/libstdc++-v3/src -L/home/yanxin/git/jrate/gcc-build/i686-pc-linux-gnu/libstdc++-v3/src/.libs -B/usr/local/i686-pc-linux-gnu/bin/ -B/usr/local/i686-pc-linux-gnu/lib/ -isystem /usr/local/i686-pc-linux-gnu/include -c -g -O2 -D_GNU_SOURCE  conftest.cc >&5
configure:19194: $? = 0
configure:19197: test -z 			 || test ! -s conftest.err
configure:19200: $? = 0
configure:19203: test -s conftest.o
configure:19206: $? = 0
configure:19232: /home/yanxin/git/jrate/gcc-build/gcc/g++ -B/home/yanxin/git/jrate/gcc-build/gcc/ -nostdinc++ -nostdinc++ -I/home/yanxin/git/jrate/gcc-build/i686-pc-linux-gnu/libstdc++-v3/include/i686-pc-linux-gnu -I/home/yanxin/git/jrate/gcc-build/i686-pc-linux-gnu/libstdc++-v3/include -I/home/yanxin/git/jrate/gcc/libstdc++-v3/libsupc++ -I/home/yanxin/git/jrate/gcc/libstdc++-v3/libio -I/home/yanxin/git/jrate/gcc/libstdc++-v3/include/backward -I/home/yanxin/git/jrate/gcc/libstdc++-v3/testsuite -L/home/yanxin/git/jrate/gcc-build/i686-pc-linux-gnu/libstdc++-v3/src -L/home/yanxin/git/jrate/gcc-build/i686-pc-linux-gnu/libstdc++-v3/src/.libs -B/usr/local/i686-pc-linux-gnu/bin/ -B/usr/local/i686-pc-linux-gnu/lib/ -isystem /usr/local/i686-pc-linux-gnu/include -c -g -O2 -D_GNU_SOURCE  conftest.cc >&5
configure:19238: $? = 0
configure:19241: test -z 			 || test ! -s conftest.err
configure:19244: $? = 0
configure:19247: test -s conftest.o
configure:19250: $? = 0
configure:19275: checking dependency style of /home/yanxin/git/jrate/gcc-build/gcc/g++ -B/home/yanxin/git/jrate/gcc-build/gcc/ -nostdinc++ -nostdinc++ -I/home/yanxin/git/jrate/gcc-build/i686-pc-linux-gnu/libstdc++-v3/include/i686-pc-linux-gnu -I/home/yanxin/git/jrate/gcc-build/i686-pc-linux-gnu/libstdc++-v3/include -I/home/yanxin/git/jrate/gcc/libstdc++-v3/libsupc++ -I/home/yanxin/git/jrate/gcc/libstdc++-v3/libio -I/home/yanxin/git/jrate/gcc/libstdc++-v3/include/backward -I/home/yanxin/git/jrate/gcc/libstdc++-v3/testsuite -L/home/yanxin/git/jrate/gcc-build/i686-pc-linux-gnu/libstdc++-v3/src -L/home/yanxin/git/jrate/gcc-build/i686-pc-linux-gnu/libstdc++-v3/src/.libs -B/usr/local/i686-pc-linux-gnu/bin/ -B/usr/local/i686-pc-linux-gnu/lib/ -isystem /usr/local/i686-pc-linux-gnu/include
configure:19365: result: gcc3
configure:19382: checking whether make sets $(MAKE)
configure:19402: result: yes
configure:19411: checking whether ln -s works
configure:19415: result: yes
configure:19454: checking for stdlib.h
configure:19459: result: yes
configure:19598: checking for GNU libc compatible malloc
configure:19627: /home/yanxin/git/jrate/gcc-build/gcc/xgcc -B/home/yanxin/git/jrate/gcc-build/gcc/ -B/usr/local/i686-pc-linux-gnu/bin/ -B/usr/local/i686-pc-linux-gnu/lib/ -isystem /usr/local/i686-pc-linux-gnu/include -o conftest -O2 -g -O2   conftest.c  >&5
configure:19630: $? = 0
configure:19632: ./conftest
configure:19635: $? = 0
configure:19649: result: yes
configure:19685: checking for stdlib.h
configure:19690: result: yes
configure:19685: checking for unistd.h
configure:19690: result: yes
configure:19833: checking for getpagesize
configure:19920: result: yes
configure:19930: checking for working mmap
configure:20094: result: yes
configure:20111: checking for gettimeofday
configure:20198: result: yes
configure:20111: checking for memset
configure:20198: result: yes
configure:20111: checking for munmap
configure:20168: /home/yanxin/git/jrate/gcc-build/gcc/xgcc -B/home/yanxin/git/jrate/gcc-build/gcc/ -B/usr/local/i686-pc-linux-gnu/bin/ -B/usr/local/i686-pc-linux-gnu/lib/ -isystem /usr/local/i686-pc-linux-gnu/include -o conftest -O2 -g -O2   conftest.c  >&5
configure:20174: $? = 0
configure:20177: test -z 			 || test ! -s conftest.err
configure:20180: $? = 0
configure:20183: test -s conftest
configure:20186: $? = 0
configure:20198: result: yes
configure:20210: checking return type of signal handlers
configure:20241: /home/yanxin/git/jrate/gcc-build/gcc/xgcc -B/home/yanxin/git/jrate/gcc-build/gcc/ -B/usr/local/i686-pc-linux-gnu/bin/ -B/usr/local/i686-pc-linux-gnu/lib/ -isystem /usr/local/i686-pc-linux-gnu/include -c -O2 -g -O2  conftest.c >&5
configure:20247: $? = 0
configure:20250: test -z 			 || test ! -s conftest.err
configure:20253: $? = 0
configure:20256: test -s conftest.o
configure:20259: $? = 0
configure:20270: result: void
configure:20281: checking for ANSI C header files
configure:20436: result: yes
configure:20455: checking for fcntl.h
configure:20460: result: yes
configure:20455: checking for stdlib.h
configure:20460: result: yes
configure:20455: checking for string.h
configure:20460: result: yes
configure:20455: checking for sys/time.h
configure:20460: result: yes
configure:20455: checking for unistd.h
configure:20460: result: yes
configure:20600: checking for stdbool.h that conforms to C99
configure:20653: /home/yanxin/git/jrate/gcc-build/gcc/xgcc -B/home/yanxin/git/jrate/gcc-build/gcc/ -B/usr/local/i686-pc-linux-gnu/bin/ -B/usr/local/i686-pc-linux-gnu/lib/ -isystem /usr/local/i686-pc-linux-gnu/include -c -O2 -g -O2  conftest.c >&5
configure:20659: $? = 0
configure:20662: test -z 			 || test ! -s conftest.err
configure:20665: $? = 0
configure:20668: test -s conftest.o
configure:20671: $? = 0
configure:20682: result: yes
configure:20684: checking for _Bool
configure:20708: /home/yanxin/git/jrate/gcc-build/gcc/xgcc -B/home/yanxin/git/jrate/gcc-build/gcc/ -B/usr/local/i686-pc-linux-gnu/bin/ -B/usr/local/i686-pc-linux-gnu/lib/ -isystem /usr/local/i686-pc-linux-gnu/include -c -O2 -g -O2  conftest.c >&5
configure:20714: $? = 0
configure:20717: test -z 			 || test ! -s conftest.err
configure:20720: $? = 0
configure:20723: test -s conftest.o
configure:20726: $? = 0
configure:20737: result: yes
configure:20756: checking for an ANSI C-conforming const
configure:20852: result: yes
configure:20862: checking for inline
configure:20913: result: inline
configure:20932: checking for pid_t
configure:20985: result: yes
configure:20997: checking for size_t
configure:21021: /home/yanxin/git/jrate/gcc-build/gcc/xgcc -B/home/yanxin/git/jrate/gcc-build/gcc/ -B/usr/local/i686-pc-linux-gnu/bin/ -B/usr/local/i686-pc-linux-gnu/lib/ -isystem /usr/local/i686-pc-linux-gnu/include -c -O2 -g -O2  conftest.c >&5
configure:21027: $? = 0
configure:21030: test -z 			 || test ! -s conftest.err
configure:21033: $? = 0
configure:21036: test -s conftest.o
configure:21039: $? = 0
configure:21050: result: yes
configure:21062: checking whether time.h and sys/time.h may both be included
configure:21116: result: yes
configure:21126: checking whether struct tm is in sys/time.h or time.h
configure:21178: result: time.h
configure:21188: checking for working volatile
configure:21211: /home/yanxin/git/jrate/gcc-build/gcc/xgcc -B/home/yanxin/git/jrate/gcc-build/gcc/ -B/usr/local/i686-pc-linux-gnu/bin/ -B/usr/local/i686-pc-linux-gnu/lib/ -isystem /usr/local/i686-pc-linux-gnu/include -c -O2 -g -O2  conftest.c >&5
configure:21217: $? = 0
configure:21220: test -z 			 || test ! -s conftest.err
configure:21223: $? = 0
configure:21226: test -s conftest.o
configure:21229: $? = 0
configure:21240: result: yes
configure:21455: creating ./config.status

## ---------------------- ##
## Running config.status. ##
## ---------------------- ##

This file was extended by jRate-core config.status _LIBJRATECORE_VERSION_, which was
generated by GNU Autoconf 2.59.  Invocation command line was

  CONFIG_FILES    = 
  CONFIG_HEADERS  = 
  CONFIG_LINKS    = 
  CONFIG_COMMANDS = 
  $ ./config.status 

on yanxin-MS-7549

config.status:772: creating Makefile
config.status:910: executing depfiles commands
config.status:910: executing default commands

## ---------------- ##
## Cache variables. ##
## ---------------- ##

_cv_gnu_make_command=make
ac_cv_archive_cmds_needs_lc=no
ac_cv_build=i686-pc-linux-gnu
ac_cv_build_alias=i686-pc-linux-gnu
ac_cv_c_bigendian=no
ac_cv_c_compiler_gnu=yes
ac_cv_c_const=yes
ac_cv_c_inline=inline
ac_cv_c_stack_direction=-1
ac_cv_c_volatile=yes
ac_cv_cxx_compiler_gnu=yes
ac_cv_cygwin=no
ac_cv_env_CC_set=set
ac_cv_env_CC_value='/home/yanxin/git/jrate/gcc-build/gcc/xgcc -B/home/yanxin/git/jrate/gcc-build/gcc/ -B/usr/local/i686-pc-linux-gnu/bin/ -B/usr/local/i686-pc-linux-gnu/lib/ -isystem /usr/local/i686-pc-linux-gnu/include'
ac_cv_env_CFLAGS_set=set
ac_cv_env_CFLAGS_value='-O2 -g -O2'
ac_cv_env_CPPFLAGS_set=
ac_cv_env_CPPFLAGS_value=
ac_cv_env_CPP_set=
ac_cv_env_CPP_value=
ac_cv_env_CXXCPP_set=
ac_cv_env_CXXCPP_value=
ac_cv_env_CXXFLAGS_set=set
ac_cv_env_CXXFLAGS_value='-g -O2 -D_GNU_SOURCE'
ac_cv_env_CXX_set=set
ac_cv_env_CXX_value='/home/yanxin/git/jrate/gcc-build/gcc/g++ -B/home/yanxin/git/jrate/gcc-build/gcc/ -nostdinc++ -nostdinc++ -I/home/yanxin/git/jrate/gcc-build/i686-pc-linux-gnu/libstdc++-v3/include/i686-pc-linux-gnu -I/home/yanxin/git/jrate/gcc-build/i686-pc-linux-gnu/libstdc++-v3/include -I/home/yanxin/git/jrate/gcc/libstdc++-v3/libsupc++ -I/home/yanxin/git/jrate/gcc/libstdc++-v3/libio -I/home/yanxin/git/jrate/gcc/libstdc++-v3/include/backward -I/home/yanxin/git/jrate/gcc/libstdc++-v3/testsuite -L/home/yanxin/git/jrate/gcc-build/i686-pc-linux-gnu/libstdc++-v3/src -L/home/yanxin/git/jrate/gcc-build/i686-pc-linux-gnu/libstdc++-v3/src/.libs -B/usr/local/i686-pc-linux-gnu/bin/ -B/usr/local/i686-pc-linux-gnu/lib/ -isystem /usr/local/i686-pc-linux-gnu/include'
ac_cv_env_F77_set=
ac_cv_env_F77_value=
ac_cv_env_FFLAGS_set=
ac_cv_env_FFLAGS_value=
ac_cv_env_LDFLAGS_set=set
ac_cv_env_LDFLAGS_value=
ac_cv_env_build_alias_set=set
ac_cv_env_build_alias_value=i686-pc-linux-gnu
ac_cv_env_host_alias_set=set
ac_cv_env_host_alias_value=i686-pc-linux-gnu
ac_cv_env_target_alias_set=set
ac_cv_env_target_alias_value=i686-pc-linux-gnu
ac_cv_exeext=
ac_cv_f77_compiler_gnu=no
ac_cv_file__proc_self_exe=yes
ac_cv_func___signbit=yes
ac_cv_func___signbitf=yes
ac_cv_func___signbitl=yes
ac_cv_func__doprnt=no
ac_cv_func_access=yes
ac_cv_func_acosf=yes
ac_cv_func_acosl=yes
ac_cv_func_alloca_works=yes
ac_cv_func_asinf=yes
ac_cv_func_asinl=yes
ac_cv_func_asprintf=yes
ac_cv_func_atan2f=yes
ac_cv_func_atan2l=yes
ac_cv_func_atanf=yes
ac_cv_func_atanl=yes
ac_cv_func_atexit=yes
ac_cv_func_backtrace=yes
ac_cv_func_basename=yes
ac_cv_func_bcmp=yes
ac_cv_func_bcopy=yes
ac_cv_func_bsearch=yes
ac_cv_func_btowc=yes
ac_cv_func_bzero=yes
ac_cv_func_calloc=yes
ac_cv_func_canonicalize_file_name=yes
ac_cv_func_ceilf=yes
ac_cv_func_ceill=yes
ac_cv_func_chmod=yes
ac_cv_func_clock=yes
ac_cv_func_connect=yes
ac_cv_func_copysign=yes
ac_cv_func_copysignf=yes
ac_cv_func_copysignl=yes
ac_cv_func_cosf=yes
ac_cv_func_coshf=yes
ac_cv_func_coshl=yes
ac_cv_func_cosl=yes
ac_cv_func_dlerror=yes
ac_cv_func_drand48=yes
ac_cv_func_execvp=yes
ac_cv_func_expf=yes
ac_cv_func_expl=yes
ac_cv_func_fabsf=yes
ac_cv_func_fabsl=yes
ac_cv_func_ffs=yes
ac_cv_func_fgetwc=yes
ac_cv_func_fgetws=yes
ac_cv_func_finite=yes
ac_cv_func_finitef=yes
ac_cv_func_finitel=yes
ac_cv_func_floorf=yes
ac_cv_func_floorl=yes
ac_cv_func_fmodf=yes
ac_cv_func_fmodl=yes
ac_cv_func_fork=yes
ac_cv_func_fputwc=yes
ac_cv_func_fputws=yes
ac_cv_func_frexpf=yes
ac_cv_func_frexpl=yes
ac_cv_func_fstat=yes
ac_cv_func_fsync=yes
ac_cv_func_ftime=yes
ac_cv_func_ftruncate=yes
ac_cv_func_fwide=yes
ac_cv_func_fwprintf=yes
ac_cv_func_fwscanf=yes
ac_cv_func_getcwd=yes
ac_cv_func_gethostbyaddr_r=yes
ac_cv_func_gethostbyname=yes
ac_cv_func_gethostbyname_r=yes
ac_cv_func_gethostname=yes
ac_cv_func_getpagesize=yes
ac_cv_func_getpwuid_r=yes
ac_cv_func_getrusage=yes
ac_cv_func_getsysinfo=no
ac_cv_func_gettimeofday=yes
ac_cv_func_getwc=yes
ac_cv_func_getwchar=yes
ac_cv_func_gmtime_r=yes
ac_cv_func_hypot=yes
ac_cv_func_hypotf=yes
ac_cv_func_hypotl=yes
ac_cv_func_iconv=yes
ac_cv_func_iconv_close=yes
ac_cv_func_iconv_open=yes
ac_cv_func_index=yes
ac_cv_func_inet_aton=yes
ac_cv_func_inet_ntoa=yes
ac_cv_func_inet_pton=yes
ac_cv_func_insque=yes
ac_cv_func_ioctl=yes
ac_cv_func_isatty=yes
ac_cv_func_isinf=yes
ac_cv_func_isinff=yes
ac_cv_func_isinfl=yes
ac_cv_func_isnan=yes
ac_cv_func_isnanf=yes
ac_cv_func_isnanl=yes
ac_cv_func_ldexpf=yes
ac_cv_func_ldexpl=yes
ac_cv_func_localtime_r=yes
ac_cv_func_log10f=yes
ac_cv_func_log10l=yes
ac_cv_func_logf=yes
ac_cv_func_logl=yes
ac_cv_func_malloc_0_nonnull=yes
ac_cv_func_mbrlen=yes
ac_cv_func_mbrtowc=yes
ac_cv_func_mbsinit=yes
ac_cv_func_mbsrtowcs=yes
ac_cv_func_memchr=yes
ac_cv_func_memcmp=yes
ac_cv_func_memcpy=yes
ac_cv_func_memmove=yes
ac_cv_func_memset=yes
ac_cv_func_mkdir=yes
ac_cv_func_mkstemps=yes
ac_cv_func_mmap_fixed_mapped=yes
ac_cv_func_modff=yes
ac_cv_func_modfl=yes
ac_cv_func_munmap=yes
ac_cv_func_nan=yes
ac_cv_func_nl_langinfo=yes
ac_cv_func_on_exit=yes
ac_cv_func_open=yes
ac_cv_func_opendir=yes
ac_cv_func_pipe=yes
ac_cv_func_powf=yes
ac_cv_func_powl=yes
ac_cv_func_psignal=yes
ac_cv_func_pstat_getdynamic=no
ac_cv_func_pstat_getstatic=no
ac_cv_func_pthread_mutexattr_setkind_np=yes
ac_cv_func_pthread_mutexattr_settype=yes
ac_cv_func_putenv=yes
ac_cv_func_putwc=yes
ac_cv_func_putwchar=yes
ac_cv_func_random=yes
ac_cv_func_readdir_r=yes
ac_cv_func_realpath=yes
ac_cv_func_remove=yes
ac_cv_func_rename=yes
ac_cv_func_rindex=yes
ac_cv_func_rmdir=yes
ac_cv_func_sbrk=yes
ac_cv_func_sched_yield=yes
ac_cv_func_select=yes
ac_cv_func_setenv=yes
ac_cv_func_setlocale=yes
ac_cv_func_shl_load=no
ac_cv_func_shmat=yes
ac_cv_func_sigaction=yes
ac_cv_func_sigsetmask=yes
ac_cv_func_sincos=yes
ac_cv_func_sincosf=yes
ac_cv_func_sincosl=yes
ac_cv_func_sinf=yes
ac_cv_func_sinhf=yes
ac_cv_func_sinhl=yes
ac_cv_func_sinl=yes
ac_cv_func_sleep=yes
ac_cv_func_sqrtf=yes
ac_cv_func_sqrtl=yes
ac_cv_func_stat=yes
ac_cv_func_strcasecmp=yes
ac_cv_func_strchr=yes
ac_cv_func_strcmp=yes
ac_cv_func_strdup=yes
ac_cv_func_strerror=yes
ac_cv_func_strncasecmp=yes
ac_cv_func_strncmp_works=yes
ac_cv_func_strrchr=yes
ac_cv_func_strsignal=yes
ac_cv_func_strstr=yes
ac_cv_func_strtod=yes
ac_cv_func_strtof=yes
ac_cv_func_strtol=yes
ac_cv_func_strtold=yes
ac_cv_func_strtoul=yes
ac_cv_func_swprintf=yes
ac_cv_func_swscanf=yes
ac_cv_func_sysconf=yes
ac_cv_func_sysctl=yes
ac_cv_func_sysmp=no
ac_cv_func_table=no
ac_cv_func_tanf=yes
ac_cv_func_tanhf=yes
ac_cv_func_tanhl=yes
ac_cv_func_tanl=yes
ac_cv_func_time=yes
ac_cv_func_times=yes
ac_cv_func_tmpnam=yes
ac_cv_func_uname=yes
ac_cv_func_ungetwc=yes
ac_cv_func_unlink=yes
ac_cv_func_utime=yes
ac_cv_func_vasprintf=yes
ac_cv_func_vfork_works=yes
ac_cv_func_vfprintf=yes
ac_cv_func_vfwprintf=yes
ac_cv_func_vfwscanf=yes
ac_cv_func_vprintf=yes
ac_cv_func_vsprintf=yes
ac_cv_func_vswprintf=yes
ac_cv_func_vswscanf=yes
ac_cv_func_vwprintf=yes
ac_cv_func_vwscanf=yes
ac_cv_func_waitpid=yes
ac_cv_func_wcrtomb=yes
ac_cv_func_wcscat=yes
ac_cv_func_wcschr=yes
ac_cv_func_wcscmp=yes
ac_cv_func_wcscoll=yes
ac_cv_func_wcscpy=yes
ac_cv_func_wcscspn=yes
ac_cv_func_wcsftime=yes
ac_cv_func_wcslen=yes
ac_cv_func_wcsncat=yes
ac_cv_func_wcsncmp=yes
ac_cv_func_wcsncpy=yes
ac_cv_func_wcspbrk=yes
ac_cv_func_wcsrchr=yes
ac_cv_func_wcsrtombs=yes
ac_cv_func_wcsspn=yes
ac_cv_func_wcsstr=yes
ac_cv_func_wcstod=yes
ac_cv_func_wcstof=yes
ac_cv_func_wcstok=yes
ac_cv_func_wcstol=yes
ac_cv_func_wcstoul=yes
ac_cv_func_wcsxfrm=yes
ac_cv_func_wctob=yes
ac_cv_func_wmemchr=yes
ac_cv_func_wmemcmp=yes
ac_cv_func_wmemcpy=yes
ac_cv_func_wmemmove=yes
ac_cv_func_wmemset=yes
ac_cv_func_wprintf=yes
ac_cv_func_wscanf=yes
ac_cv_have_x='have_x=yes 		ac_x_includes= ac_x_libraries='
ac_cv_header_alloca_h=yes
ac_cv_header_arpa_inet_h=yes
ac_cv_header_bstring_h=no
ac_cv_header_ctype_h=yes
ac_cv_header_dirent_h=yes
ac_cv_header_dl_h=no
ac_cv_header_dld_h=no
ac_cv_header_dlfcn_h=yes
ac_cv_header_endian_h=yes
ac_cv_header_execinfo_h=yes
ac_cv_header_fcntl_h=yes
ac_cv_header_float_h=yes
ac_cv_header_fp_h=no
ac_cv_header_gconv_h=yes
ac_cv_header_iconv_h=yes
ac_cv_header_ieeefp_h=no
ac_cv_header_inttypes_h=yes
ac_cv_header_langinfo_h=yes
ac_cv_header_limits_h=yes
ac_cv_header_locale_h=yes
ac_cv_header_machine_endian_h=no
ac_cv_header_machine_hal_sysinfo_h=no
ac_cv_header_machine_param_h=no
ac_cv_header_malloc_h=yes
ac_cv_header_memory_h=yes
ac_cv_header_nan_h=no
ac_cv_header_net_if_h=yes
ac_cv_header_netdb_h=yes
ac_cv_header_netinet_in_h=yes
ac_cv_header_pwd_h=yes
ac_cv_header_stdbool_h=yes
ac_cv_header_stdc=yes
ac_cv_header_stdint_h=yes
ac_cv_header_stdio_h=yes
ac_cv_header_stdlib_h=yes
ac_cv_header_string_h=yes
ac_cv_header_strings_h=yes
ac_cv_header_sys_config_h=no
ac_cv_header_sys_file_h=yes
ac_cv_header_sys_filio_h=no
ac_cv_header_sys_ioctl_h=yes
ac_cv_header_sys_isa_defs_h=no
ac_cv_header_sys_machine_h=no
ac_cv_header_sys_mman_h=yes
ac_cv_header_sys_param_h=yes
ac_cv_header_sys_pstat_h=no
ac_cv_header_sys_resource_h=yes
ac_cv_header_sys_select_h=yes
ac_cv_header_sys_socket_h=yes
ac_cv_header_sys_stat_h=yes
ac_cv_header_sys_sysctl_h=yes
ac_cv_header_sys_sysinfo_h=yes
ac_cv_header_sys_sysmp_h=no
ac_cv_header_sys_systemcfg_h=no
ac_cv_header_sys_table_h=no
ac_cv_header_sys_time_h=yes
ac_cv_header_sys_types_h=yes
ac_cv_header_sys_wait_h=yes
ac_cv_header_time=yes
ac_cv_header_time_h=yes
ac_cv_header_unistd_h=yes
ac_cv_header_vfork_h=no
ac_cv_header_wchar_h=yes
ac_cv_header_wctype_h=yes
ac_cv_host=i686-pc-linux-gnu
ac_cv_host_alias=i686-pc-linux-gnu
ac_cv_lib_ICE_IceConnectionNumber=yes
ac_cv_lib_cposix_strerror=no
ac_cv_lib_dl_dladdr=yes
ac_cv_lib_dl_dlopen=yes
ac_cv_lib_dld_dld_link=no
ac_cv_lib_dld_shl_load=no
ac_cv_lib_dnet_dnet_ntoa=no
ac_cv_lib_dnet_stub_dnet_ntoa=no
ac_cv_lib_iconv_iconv=no
ac_cv_lib_m_main=yes
ac_cv_lib_m_sin=yes
ac_cv_mingw32=no
ac_cv_objext=o
ac_cv_os_cray=no
ac_cv_path_LD=ld
ac_cv_path_NM=nm
ac_cv_prog_AR=ar
ac_cv_prog_AS=as
ac_cv_prog_AWK=mawk
ac_cv_prog_CC='/home/yanxin/git/jrate/gcc-build/gcc/xgcc -B/home/yanxin/git/jrate/gcc-build/gcc/ -B/usr/local/i686-pc-linux-gnu/bin/ -B/usr/local/i686-pc-linux-gnu/lib/ -isystem /usr/local/i686-pc-linux-gnu/include'
ac_cv_prog_CPP='/home/yanxin/git/jrate/gcc-build/gcc/xgcc -B/home/yanxin/git/jrate/gcc-build/gcc/ -B/usr/local/i686-pc-linux-gnu/bin/ -B/usr/local/i686-pc-linux-gnu/lib/ -isystem /usr/local/i686-pc-linux-gnu/include -E'
ac_cv_prog_CXX='/home/yanxin/git/jrate/gcc-build/gcc/g++ -B/home/yanxin/git/jrate/gcc-build/gcc/ -nostdinc++ -nostdinc++ -I/home/yanxin/git/jrate/gcc-build/i686-pc-linux-gnu/libstdc++-v3/include/i686-pc-linux-gnu -I/home/yanxin/git/jrate/gcc-build/i686-pc-linux-gnu/libstdc++-v3/include -I/home/yanxin/git/jrate/gcc/libstdc++-v3/libsupc++ -I/home/yanxin/git/jrate/gcc/libstdc++-v3/libio -I/home/yanxin/git/jrate/gcc/libstdc++-v3/include/backward -I/home/yanxin/git/jrate/gcc/libstdc++-v3/testsuite -L/home/yanxin/git/jrate/gcc-build/i686-pc-linux-gnu/libstdc++-v3/src -L/home/yanxin/git/jrate/gcc-build/i686-pc-linux-gnu/libstdc++-v3/src/.libs -B/usr/local/i686-pc-linux-gnu/bin/ -B/usr/local/i686-pc-linux-gnu/lib/ -isystem /usr/local/i686-pc-linux-gnu/include'
ac_cv_prog_CXXCPP='/home/yanxin/git/jrate/gcc-build/gcc/xgcc -shared-libgcc -B/home/yanxin/git/jrate/gcc-build/gcc/ -nostdinc++  -L/home/yanxin/git/jrate/gcc-build/i686-pc-linux-gnu/libstdc++-v3/src -L/home/yanxin/git/jrate/gcc-build/i686-pc-linux-gnu/libstdc++-v3/src/.libs -B/usr/local/i686-pc-linux-gnu/bin/ -B/usr/local/i686-pc-linux-gnu/lib/ -isystem /usr/local/i686-pc-linux-gnu/include -E'
ac_cv_prog_GCJ='/home/yanxin/git/jrate/gcc-build/gcc/gcj -B/home/yanxin/git/jrate/gcc-build/i686-pc-linux-gnu/libjava/ -B/home/yanxin/git/jrate/gcc-build/gcc/'
ac_cv_prog_LN_S='ln -s'
ac_cv_prog_MAKEINFO='/home/yanxin/git/jrate/gcc/missing makeinfo --no-split'
ac_cv_prog_PERL=perl
ac_cv_prog_RANLIB=ranlib
ac_cv_prog_STRIP=strip
ac_cv_prog_cc__home_yanxin_git_jrate_gcc_build_gcc_xgcc_c_o=yes
ac_cv_prog_cc_can_build_shared=yes
ac_cv_prog_cc_cross=no
ac_cv_prog_cc_g=yes
ac_cv_prog_cc_no_builtin=
ac_cv_prog_cc_pic=' -fPIC -DPIC'
ac_cv_prog_cc_pic_works=yes
ac_cv_prog_cc_shlib=
ac_cv_prog_cc_static=-static
ac_cv_prog_cc_static_works=yes
ac_cv_prog_cc_stdc=
ac_cv_prog_cc_wl=-Wl,
ac_cv_prog_cc_works=yes
ac_cv_prog_cxx_g=yes
ac_cv_prog_egrep='grep -E'
ac_cv_prog_f77_g=no
ac_cv_prog_gcc=yes
ac_cv_prog_glibcpp_CXX='/home/yanxin/git/jrate/gcc-build/gcc/xgcc -shared-libgcc -B/home/yanxin/git/jrate/gcc-build/gcc/ -nostdinc++  -L/home/yanxin/git/jrate/gcc-build/i686-pc-linux-gnu/libstdc++-v3/src -L/home/yanxin/git/jrate/gcc-build/i686-pc-linux-gnu/libstdc++-v3/src/.libs -B/usr/local/i686-pc-linux-gnu/bin/ -B/usr/local/i686-pc-linux-gnu/lib/ -isystem /usr/local/i686-pc-linux-gnu/include'
ac_cv_prog_glibjava_CXX='/home/yanxin/git/jrate/gcc-build/gcc/xgcc -shared-libgcc -B/home/yanxin/git/jrate/gcc-build/gcc/ -nostdinc++  -L/home/yanxin/git/jrate/gcc-build/i686-pc-linux-gnu/libstdc++-v3/src -L/home/yanxin/git/jrate/gcc-build/i686-pc-linux-gnu/libstdc++-v3/src/.libs -B/usr/local/i686-pc-linux-gnu/bin/ -B/usr/local/i686-pc-linux-gnu/lib/ -isystem /usr/local/i686-pc-linux-gnu/include'
ac_cv_prog_gnu_ld=yes
ac_cv_prog_gxx=yes
ac_cv_prog_make_make_set=yes
ac_cv_sizeof_double=8
ac_cv_sizeof_float=4
ac_cv_sizeof_int=4
ac_cv_sizeof_long=4
ac_cv_sizeof_long_double=12
ac_cv_sizeof_long_long=8
ac_cv_sizeof_short=2
ac_cv_sizeof_void_p=4
ac_cv_struct_tm=time.h
ac_cv_struct_tm_zone=yes
ac_cv_sys_global_symbol_pipe='sed -n -e '\''s/^.* 	\([ABCDGISTW]\) 	 	*\(\)\([_A-Za-z][_A-Za-z0-9]*\)$/\1 \2\3 \3/p'\'''
ac_cv_sys_symbol_underscore=no
ac_cv_target=i686-pc-linux-gnu
ac_cv_target_alias=i686-pc-linux-gnu
ac_cv_type__Bool=yes
ac_cv_type_pid_t=yes
ac_cv_type_signal=void
ac_cv_type_size_t=yes
ac_cv_type_ssize_t=yes
ac_cv_type_uintptr_t=no
ac_cv_val_LC_MESSAGES=yes
am_cv_CC_dependencies_compiler_type=gcc3
am_cv_CXX_dependencies_compiler_type=gcc3
am_cv_func_iconv=yes
am_cv_lib_iconv=no
am_cv_lib_iconv_ldpath=
am_cv_proto_iconv='extern size_t iconv (iconv_t cd, char * *inbuf, size_t *inbytesleft, char * *outbuf, size_t *outbytesleft);'
am_cv_proto_iconv_arg1=
am_cv_val_LC_MESSAGES=yes
gcj_cv_lib_sockets=
glibcpp_cv_POLL=yes
glibcpp_cv_S_IFREG=yes
glibcpp_cv_S_ISREG=yes
glibcpp_cv_func___builtin_abs_link=yes
glibcpp_cv_func___builtin_abs_use=yes
glibcpp_cv_func___builtin_cos_link=yes
glibcpp_cv_func___builtin_cos_use=yes
glibcpp_cv_func___builtin_cosf_link=yes
glibcpp_cv_func___builtin_cosf_use=yes
glibcpp_cv_func___builtin_cosl_link=yes
glibcpp_cv_func___builtin_cosl_use=yes
glibcpp_cv_func___builtin_fabs_link=yes
glibcpp_cv_func___builtin_fabs_use=yes
glibcpp_cv_func___builtin_fabsf_link=yes
glibcpp_cv_func___builtin_fabsf_use=yes
glibcpp_cv_func___builtin_fabsl_link=yes
glibcpp_cv_func___builtin_fabsl_use=yes
glibcpp_cv_func___builtin_labs_link=yes
glibcpp_cv_func___builtin_labs_use=yes
glibcpp_cv_func___builtin_sin_link=yes
glibcpp_cv_func___builtin_sin_use=yes
glibcpp_cv_func___builtin_sinf_link=yes
glibcpp_cv_func___builtin_sinf_use=yes
glibcpp_cv_func___builtin_sinl_link=yes
glibcpp_cv_func___builtin_sinl_use=yes
glibcpp_cv_func___builtin_sqrt_link=no
glibcpp_cv_func___builtin_sqrt_use=yes
glibcpp_cv_func___builtin_sqrtf_link=no
glibcpp_cv_func___builtin_sqrtf_use=yes
glibcpp_cv_func___builtin_sqrtl_link=no
glibcpp_cv_func___builtin_sqrtl_use=yes
glibcpp_cv_func__float_round_use=no
glibcpp_cv_func__float_trig_use=no
glibcpp_cv_func__fpclass_use=no
glibcpp_cv_func__long_double_round_use=no
glibcpp_cv_func__long_double_trig_use=no
glibcpp_cv_func__qfpclass_use=no
glibcpp_cv_func_atan2f_use=yes
glibcpp_cv_func_atan2l_use=yes
glibcpp_cv_func_copysign_use=yes
glibcpp_cv_func_copysignl_use=yes
glibcpp_cv_func_expf_use=yes
glibcpp_cv_func_expl_use=yes
glibcpp_cv_func_fabsf_use=yes
glibcpp_cv_func_fabsl_use=yes
glibcpp_cv_func_finite_use=yes
glibcpp_cv_func_finitef_use=yes
glibcpp_cv_func_finitel_use=yes
glibcpp_cv_func_float_round_use=yes
glibcpp_cv_func_float_trig_use=yes
glibcpp_cv_func_fmodf_use=yes
glibcpp_cv_func_fmodl_use=yes
glibcpp_cv_func_fpclass_use=no
glibcpp_cv_func_frexpf_use=yes
glibcpp_cv_func_frexpl_use=yes
glibcpp_cv_func_hypot_use=yes
glibcpp_cv_func_hypotf_use=yes
glibcpp_cv_func_hypotl_use=yes
glibcpp_cv_func_isatty_use=yes
glibcpp_cv_func_isinf_use=yes
glibcpp_cv_func_isinff_use=yes
glibcpp_cv_func_isinfl_use=yes
glibcpp_cv_func_isnan_use=yes
glibcpp_cv_func_isnanf_use=yes
glibcpp_cv_func_isnanl_use=yes
glibcpp_cv_func_ldexpf_use=yes
glibcpp_cv_func_ldexpl_use=yes
glibcpp_cv_func_log10f_use=yes
glibcpp_cv_func_log10l_use=yes
glibcpp_cv_func_logf_use=yes
glibcpp_cv_func_logl_use=yes
glibcpp_cv_func_long_double_round_use=yes
glibcpp_cv_func_long_double_trig_use=yes
glibcpp_cv_func_modff_use=yes
glibcpp_cv_func_modfl_use=yes
glibcpp_cv_func_powf_use=yes
glibcpp_cv_func_powl_use=yes
glibcpp_cv_func_qfpclass_use=no
glibcpp_cv_func_setenv_use=yes
glibcpp_cv_func_sincos_use=yes
glibcpp_cv_func_sincosf_use=yes
glibcpp_cv_func_sincosl_use=yes
glibcpp_cv_func_sqrtf_use=yes
glibcpp_cv_func_sqrtl_use=yes
glibcpp_cv_func_strtof_use=yes
glibcpp_cv_func_strtold_use=yes
libiberty_cv_decl_needed_canonicalize_file_name=yes
libiberty_cv_declare_errno=no
libiberty_cv_var_sys_errlist=yes
libiberty_cv_var_sys_nerr=yes
libiberty_cv_var_sys_siglist=yes
libjava_cv_gethostbyname_r_needs_reentrant=fail
libjava_cv_struct_hostent_data=no
libltdl_cv_objdir=.libs
libltdl_cv_preloaded_symbols=yes
libltdl_cv_shlibext=.so
libltdl_cv_shlibpath_var=LD_LIBRARY_PATH
libltdl_cv_sys_search_path='/lib /usr/lib'
lt_cv_compiler_c_o=yes
lt_cv_deplibs_check_method=pass_all
lt_cv_dlopen=dlopen
lt_cv_dlopen_libs=-ldl
lt_cv_dlopen_self=yes
lt_cv_dlopen_self_static=no
lt_cv_file_magic_cmd='$MAGIC_CMD'
lt_cv_file_magic_test_file='/lib/libc.so* /lib/libc-*.so'
lt_cv_ld_reload_flag=-r
lt_cv_objdir=.libs
lt_cv_path_LD=ld
lt_cv_path_LDCXX=ld
lt_cv_path_NM=nm
lt_cv_path_SED=/bin/sed
lt_cv_prog_compiler_c_o=yes
lt_cv_prog_compiler_c_o_CXX=yes
lt_cv_prog_compiler_rtti_exceptions=no
lt_cv_prog_gnu_ld=yes
lt_cv_prog_gnu_ldcxx=yes
lt_cv_sys_global_symbol_pipe='sed -n -e '\''s/^.*[ 	]\([ABCDGIRSTW][ABCDGIRSTW]*\)[ 	][ 	]*\([_A-Za-z][_A-Za-z0-9]*\)$/\1 \2 \2/p'\'''
lt_cv_sys_global_symbol_to_c_name_address='sed -n -e '\''s/^: \([^ ]*\) $/  {\"\1\", (lt_ptr) 0},/p'\'' -e '\''s/^[BCDEGRST] \([^ ]*\) \([^ ]*\)$/  {"\2", (lt_ptr) \&\2},/p'\'''
lt_cv_sys_global_symbol_to_cdecl='sed -n -e '\''s/^. .* \(.*\)$/extern int \1;/p'\'''
lt_cv_sys_max_cmd_len=49153
lt_lt_cv_prog_compiler_c_o='"yes"'
lt_lt_cv_prog_compiler_c_o_CXX='"yes"'
lt_lt_cv_sys_global_symbol_pipe='"sed -n -e '\''s/^.*[ 	]\\([ABCDGIRSTW][ABCDGIRSTW]*\\)[ 	][ 	]*\\([_A-Za-z][_A-Za-z0-9]*\\)\$/\\1 \\2 \\2/p'\''"'
lt_lt_cv_sys_global_symbol_to_c_name_address='"sed -n -e '\''s/^: \\([^ ]*\\) \$/  {\\\"\\1\\\", (lt_ptr) 0},/p'\'' -e '\''s/^[BCDEGRST] \\([^ ]*\\) \\([^ ]*\\)\$/  {\"\\2\", (lt_ptr) \\&\\2},/p'\''"'
lt_lt_cv_sys_global_symbol_to_cdecl='"sed -n -e '\''s/^. .* \\(.*\\)\$/extern int \\1;/p'\''"'

## ----------------- ##
## Output variables. ##
## ----------------- ##

ACLOCAL='${SHELL} /home/yanxin/git/jrate/gcc/libjRateCore/missing --run aclocal-1.9'
AMDEPBACKSLASH='\'
AMDEP_FALSE='#'
AMDEP_TRUE=''
AMTAR='${SHELL} /home/yanxin/git/jrate/gcc/libjRateCore/missing --run tar'
AR='ar'
AUTOCONF='${SHELL} /home/yanxin/git/jrate/gcc/libjRateCore/missing --run autoconf'
AUTOHEADER='${SHELL} /home/yanxin/git/jrate/gcc/libjRateCore/missing --run autoheader'
AUTOMAKE='${SHELL} /home/yanxin/git/jrate/gcc/libjRateCore/missing --run automake-1.9'
AWK='mawk'
CC='/home/yanxin/git/jrate/gcc-build/gcc/xgcc -B/home/yanxin/git/jrate/gcc-build/gcc/ -B/usr/local/i686-pc-linux-gnu/bin/ -B/usr/local/i686-pc-linux-gnu/lib/ -isystem /usr/local/i686-pc-linux-gnu/include'
CCDEPMODE='depmode=gcc3'
CFLAGS='-O2 -g -O2'
COMPPATH='..'
CPP='/home/yanxin/git/jrate/gcc-build/gcc/xgcc -B/home/yanxin/git/jrate/gcc-build/gcc/ -B/usr/local/i686-pc-linux-gnu/bin/ -B/usr/local/i686-pc-linux-gnu/lib/ -isystem /usr/local/i686-pc-linux-gnu/include -E'
CPPFLAGS=''
CXX='/home/yanxin/git/jrate/gcc-build/gcc/g++ -B/home/yanxin/git/jrate/gcc-build/gcc/ -nostdinc++ -nostdinc++ -I/home/yanxin/git/jrate/gcc-build/i686-pc-linux-gnu/libstdc++-v3/include/i686-pc-linux-gnu -I/home/yanxin/git/jrate/gcc-build/i686-pc-linux-gnu/libstdc++-v3/include -I/home/yanxin/git/jrate/gcc/libstdc++-v3/libsupc++ -I/home/yanxin/git/jrate/gcc/libstdc++-v3/libio -I/home/yanxin/git/jrate/gcc/libstdc++-v3/include/backward -I/home/yanxin/git/jrate/gcc/libstdc++-v3/testsuite -L/home/yanxin/git/jrate/gcc-build/i686-pc-linux-gnu/libstdc++-v3/src -L/home/yanxin/git/jrate/gcc-build/i686-pc-linux-gnu/libstdc++-v3/src/.libs -B/usr/local/i686-pc-linux-gnu/bin/ -B/usr/local/i686-pc-linux-gnu/lib/ -isystem /usr/local/i686-pc-linux-gnu/include'
CXXCPP='/home/yanxin/git/jrate/gcc-build/gcc/xgcc -shared-libgcc -B/home/yanxin/git/jrate/gcc-build/gcc/ -nostdinc++  -L/home/yanxin/git/jrate/gcc-build/i686-pc-linux-gnu/libstdc++-v3/src -L/home/yanxin/git/jrate/gcc-build/i686-pc-linux-gnu/libstdc++-v3/src/.libs -B/usr/local/i686-pc-linux-gnu/bin/ -B/usr/local/i686-pc-linux-gnu/lib/ -isystem /usr/local/i686-pc-linux-gnu/include -E'
CXXDEPMODE='depmode=gcc3'
CXXFLAGS='-g -O2 -D_GNU_SOURCE'
CYGPATH_W='echo'
DEFS='-DPACKAGE_NAME=\"jRate-core\" -DPACKAGE_TARNAME=\"jrate-core\" -DPACKAGE_VERSION=\"_LIBJRATECORE_VERSION_\" -DPACKAGE_STRING=\"jRate-core\ _LIBJRATECORE_VERSION_\" -DPACKAGE_BUGREPORT=\"jrate-devel@lists.sourceforge.net\" -DSTDC_HEADERS=1 -DHAVE_SYS_TYPES_H=1 -DHAVE_SYS_STAT_H=1 -DHAVE_STDLIB_H=1 -DHAVE_STRING_H=1 -DHAVE_MEMORY_H=1 -DHAVE_STRINGS_H=1 -DHAVE_INTTYPES_H=1 -DHAVE_STDINT_H=1 -DHAVE_UNISTD_H=1 -DHAVE_DLFCN_H=1 -DHAVE_STDLIB_H=1 -DHAVE_MALLOC=1 -DHAVE_STDLIB_H=1 -DHAVE_UNISTD_H=1 -DHAVE_GETPAGESIZE=1 -DHAVE_MMAP=1 -DHAVE_GETTIMEOFDAY=1 -DHAVE_MEMSET=1 -DHAVE_MUNMAP=1 -DRETSIGTYPE=void -DSTDC_HEADERS=1 -DHAVE_FCNTL_H=1 -DHAVE_STDLIB_H=1 -DHAVE_STRING_H=1 -DHAVE_SYS_TIME_H=1 -DHAVE_UNISTD_H=1 -DHAVE__BOOL=1 -DHAVE_STDBOOL_H=1 -DTIME_WITH_SYS_TIME=1 '
DEPDIR='.deps'
ECHO='echo'
ECHO_C=''
ECHO_N='-n'
ECHO_T=''
EGREP='grep -E'
EXEEXT=''
F77=''
FFLAGS=''
INSTALL_DATA='/bin/sh /home/yanxin/git/jrate/gcc/install-sh -c -m 644'
INSTALL_PROGRAM='/bin/sh /home/yanxin/git/jrate/gcc/install-sh -c '
INSTALL_SCRIPT='/bin/sh /home/yanxin/git/jrate/gcc/install-sh -c'
INSTALL_STRIP_PROGRAM='${SHELL} $(install_sh) -c -s'
LDFLAGS=''
LIBOBJS=''
LIBS=''
LIBTOOL='$(SHELL) $(top_builddir)/libtool'
LN_S='ln -s'
LTLIBOBJS=''
MAINT='#'
MAINTAINER_MODE_FALSE=''
MAINTAINER_MODE_TRUE='#'
MAKEINFO='/home/yanxin/git/jrate/gcc/missing makeinfo --no-split'
OBJEXT='o'
PACKAGE='jrate-core'
PACKAGE_BUGREPORT='jrate-devel@lists.sourceforge.net'
PACKAGE_NAME='jRate-core'
PACKAGE_STRING='jRate-core _LIBJRATECORE_VERSION_'
PACKAGE_TARNAME='jrate-core'
PACKAGE_VERSION='_LIBJRATECORE_VERSION_'
PATH_SEPARATOR=':'
RANLIB='ranlib'
SET_MAKE=''
SHELL='/bin/bash'
STRIP='strip'
TARGET_LIBRARY_FALSE='#'
TARGET_LIBRARY_TRUE=''
VERSION='_LIBJRATECORE_VERSION_'
ac_ct_AR=''
ac_ct_CC=''
ac_ct_CXX=''
ac_ct_F77=''
ac_ct_RANLIB=''
ac_ct_STRIP=''
am__fastdepCC_FALSE='#'
am__fastdepCC_TRUE=''
am__fastdepCXX_FALSE='#'
am__fastdepCXX_TRUE=''
am__include='include'
am__leading_dot='.'
am__quote=''
am__tar='${AMTAR} chof - "$$tardir"'
am__untar='${AMTAR} xf -'
bindir='${exec_prefix}/bin'
build='i686-pc-linux-gnu'
build_alias='i686-pc-linux-gnu'
build_cpu='i686'
build_os='linux-gnu'
build_vendor='pc'
datadir='${prefix}/share'
exec_prefix='${prefix}'
host='i686-pc-linux-gnu'
host_alias='i686-pc-linux-gnu'
host_cpu='i686'
host_os='linux-gnu'
host_vendor='pc'
includedir='${prefix}/include'
infodir='${prefix}/info'
install_sh='/home/yanxin/git/jrate/gcc/libjRateCore/install-sh'
libdir='${exec_prefix}/lib'
libexecdir='${exec_prefix}/libexec'
libjRateCore_basedir='/home/yanxin/git/jrate/gcc/libjRateCore/'
localstatedir='${prefix}/var'
mandir='${prefix}/man'
mkdir_p='mkdir -p --'
mkinstalldirs='/home/yanxin/git/jrate/gcc/libjRateCore/mkinstalldirs'
oldincludedir='/usr/include'
prefix='/usr/local'
program_transform_name='s,^,jRate-,'
sbindir='${exec_prefix}/sbin'
sharedstatedir='${prefix}/com'
sysconfdir='${prefix}/etc'
target='i686-pc-linux-gnu'
target_alias='i686-pc-linux-gnu'
target_all=''
target_cpu='i686'
target_os='linux-gnu'
target_vendor='pc'
toolexecdir='$(libdir)/gcc-lib/$(target_alias)'
toolexeclibdir='$(libdir)/.'

## ----------- ##
## confdefs.h. ##
## ----------- ##

#define HAVE_DLFCN_H 1
#define HAVE_FCNTL_H 1
#define HAVE_GETPAGESIZE 1
#define HAVE_GETTIMEOFDAY 1
#define HAVE_INTTYPES_H 1
#define HAVE_MALLOC 1
#define HAVE_MEMORY_H 1
#define HAVE_MEMSET 1
#define HAVE_MMAP 1
#define HAVE_MUNMAP 1
#define HAVE_STDBOOL_H 1
#define HAVE_STDINT_H 1
#define HAVE_STDLIB_H 1
#define HAVE_STDLIB_H 1
#define HAVE_STDLIB_H 1
#define HAVE_STDLIB_H 1
#define HAVE_STRINGS_H 1
#define HAVE_STRING_H 1
#define HAVE_STRING_H 1
#define HAVE_SYS_STAT_H 1
#define HAVE_SYS_TIME_H 1
#define HAVE_SYS_TYPES_H 1
#define HAVE_UNISTD_H 1
#define HAVE_UNISTD_H 1
#define HAVE_UNISTD_H 1
#define HAVE__BOOL 1
#define PACKAGE_BUGREPORT "jrate-devel@lists.sourceforge.net"
#define PACKAGE_NAME "jRate-core"
#define PACKAGE_STRING "jRate-core _LIBJRATECORE_VERSION_"
#define PACKAGE_TARNAME "jrate-core"
#define PACKAGE_VERSION "_LIBJRATECORE_VERSION_"
#define RETSIGTYPE void
#define STDC_HEADERS 1
#define STDC_HEADERS 1
#define TIME_WITH_SYS_TIME 1
#endif
#ifdef __cplusplus
extern "C" void std::exit (int) throw (); using std::exit;

configure: exit 0
